2023-03-28 11:24:49.572  INFO 15760 --- [restartedMain] com.rachel.service.ServiceApplication    : Starting ServiceApplication on DESKTOP-CVB834G with PID 15760 (D:\software\codes\IDEA\SoftwareEngineering\ExamSys\Service\target\classes started by Summer in D:\software\codes\IDEA\SoftwareEngineering\ExamSys)
2023-03-28 11:24:49.572  INFO 15760 --- [restartedMain] com.rachel.service.ServiceApplication    : The following profiles are active: dev
2023-03-28 11:24:49.637  INFO 15760 --- [restartedMain] .e.DevToolsPropertyDefaultsPostProcessor : Devtools property defaults active! Set 'spring.devtools.add-properties' to 'false' to disable
2023-03-28 11:24:49.637  INFO 15760 --- [restartedMain] .e.DevToolsPropertyDefaultsPostProcessor : For additional web related logging consider setting the 'logging.level.web' property to 'DEBUG'
2023-03-28 11:24:51.205  WARN 15760 --- [restartedMain] io.undertow.websockets.jsr               : UT026010: Buffer pool was not set on WebSocketDeploymentInfo, the default pool will be used
2023-03-28 11:24:51.229  INFO 15760 --- [restartedMain] io.undertow.servlet                      : Initializing Spring embedded WebApplicationContext
2023-03-28 11:24:51.229  INFO 15760 --- [restartedMain] o.s.web.context.ContextLoader            : Root WebApplicationContext: initialization completed in 1592 ms
2023-03-28 11:24:52.164  INFO 15760 --- [restartedMain] o.s.s.web.DefaultSecurityFilterChain     : Creating filter chain: any request, [org.springframework.security.web.context.request.async.WebAsyncManagerIntegrationFilter@5eaff522, org.springframework.security.web.context.SecurityContextPersistenceFilter@7a9be46a, org.springframework.security.web.header.HeaderWriterFilter@4518806d, org.springframework.web.filter.CorsFilter@1b273e8f, org.springframework.security.web.authentication.logout.LogoutFilter@47c7e8dd, com.rachel.service.configuration.spring.security.RestLoginAuthenticationFilter@3c7c5637, org.springframework.security.web.authentication.UsernamePasswordAuthenticationFilter@2386a769, org.springframework.security.web.savedrequest.RequestCacheAwareFilter@59270592, org.springframework.security.web.servletapi.SecurityContextHolderAwareRequestFilter@4d2427f0, org.springframework.security.web.authentication.rememberme.RememberMeAuthenticationFilter@159a6a5c, org.springframework.security.web.authentication.AnonymousAuthenticationFilter@6ad7a941, org.springframework.security.web.session.SessionManagementFilter@15ac068d, org.springframework.security.web.access.ExceptionTranslationFilter@1a4e73df, org.springframework.security.web.access.intercept.FilterSecurityInterceptor@6880d679]
2023-03-28 11:24:52.718  INFO 15760 --- [restartedMain] o.s.b.d.a.OptionalLiveReloadServer       : LiveReload server is running on port 35729
2023-03-28 11:24:52.767  INFO 15760 --- [restartedMain] org.xnio                                 : XNIO version 3.3.8.Final
2023-03-28 11:24:52.775  INFO 15760 --- [restartedMain] org.xnio.nio                             : XNIO NIO Implementation Version 3.3.8.Final
2023-03-28 11:24:52.840  INFO 15760 --- [restartedMain] o.s.b.w.e.u.UndertowServletWebServer     : Undertow started on port(s) 8000 (http) with context path ''
2023-03-28 11:24:52.840  INFO 15760 --- [restartedMain] com.rachel.service.ServiceApplication    : Started ServiceApplication in 3.818 seconds (JVM running for 5.059)
2023-03-28 11:27:09.532  INFO 22976 --- [restartedMain] com.rachel.service.ServiceApplication    : Starting ServiceApplication on DESKTOP-CVB834G with PID 22976 (D:\software\codes\IDEA\SoftwareEngineering\ExamSys\Service\target\classes started by Summer in D:\software\codes\IDEA\SoftwareEngineering\ExamSys)
2023-03-28 11:27:09.532  INFO 22976 --- [restartedMain] com.rachel.service.ServiceApplication    : The following profiles are active: dev
2023-03-28 11:27:09.573  INFO 22976 --- [restartedMain] .e.DevToolsPropertyDefaultsPostProcessor : Devtools property defaults active! Set 'spring.devtools.add-properties' to 'false' to disable
2023-03-28 11:27:09.573  INFO 22976 --- [restartedMain] .e.DevToolsPropertyDefaultsPostProcessor : For additional web related logging consider setting the 'logging.level.web' property to 'DEBUG'
2023-03-28 11:27:11.390  WARN 22976 --- [restartedMain] io.undertow.websockets.jsr               : UT026010: Buffer pool was not set on WebSocketDeploymentInfo, the default pool will be used
2023-03-28 11:27:11.414  INFO 22976 --- [restartedMain] io.undertow.servlet                      : Initializing Spring embedded WebApplicationContext
2023-03-28 11:27:11.414  INFO 22976 --- [restartedMain] o.s.web.context.ContextLoader            : Root WebApplicationContext: initialization completed in 1833 ms
2023-03-28 11:27:12.321  INFO 22976 --- [restartedMain] o.s.s.web.DefaultSecurityFilterChain     : Creating filter chain: any request, [org.springframework.security.web.context.request.async.WebAsyncManagerIntegrationFilter@13962ff8, org.springframework.security.web.context.SecurityContextPersistenceFilter@7795d65b, org.springframework.security.web.header.HeaderWriterFilter@2dd221dc, org.springframework.web.filter.CorsFilter@43da37fd, org.springframework.security.web.authentication.logout.LogoutFilter@2610b82d, com.rachel.service.configuration.spring.security.RestLoginAuthenticationFilter@5573c20c, org.springframework.security.web.authentication.UsernamePasswordAuthenticationFilter@14977a8, org.springframework.security.web.savedrequest.RequestCacheAwareFilter@4454d865, org.springframework.security.web.servletapi.SecurityContextHolderAwareRequestFilter@1def0c15, org.springframework.security.web.authentication.rememberme.RememberMeAuthenticationFilter@5c0de98, org.springframework.security.web.authentication.AnonymousAuthenticationFilter@29631d8d, org.springframework.security.web.session.SessionManagementFilter@788ff579, org.springframework.security.web.access.ExceptionTranslationFilter@489f41bc, org.springframework.security.web.access.intercept.FilterSecurityInterceptor@7ed6bd3d]
2023-03-28 11:27:12.886  INFO 22976 --- [restartedMain] o.s.b.d.a.OptionalLiveReloadServer       : LiveReload server is running on port 35729
2023-03-28 11:27:12.935  INFO 22976 --- [restartedMain] org.xnio                                 : XNIO version 3.3.8.Final
2023-03-28 11:27:12.945  INFO 22976 --- [restartedMain] org.xnio.nio                             : XNIO NIO Implementation Version 3.3.8.Final
2023-03-28 11:27:13.007  INFO 22976 --- [restartedMain] o.s.b.w.e.u.UndertowServletWebServer     : Undertow started on port(s) 8000 (http) with context path ''
2023-03-28 11:27:13.013  INFO 22976 --- [restartedMain] com.rachel.service.ServiceApplication    : Started ServiceApplication in 4.111 seconds (JVM running for 5.49)
2023-03-28 11:27:53.756  INFO 22976 --- [XNIO-1 task-1] io.undertow.servlet                      : Initializing Spring DispatcherServlet 'dispatcherServlet'
2023-03-28 11:27:53.756  INFO 22976 --- [XNIO-1 task-1] o.s.web.servlet.DispatcherServlet        : Initializing Servlet 'dispatcherServlet'
2023-03-28 11:27:53.771  INFO 22976 --- [XNIO-1 task-1] o.s.web.servlet.DispatcherServlet        : Completed initialization in 15 ms
2023-03-28 11:27:53.855  INFO 22976 --- [XNIO-1 task-1] com.zaxxer.hikari.HikariDataSource       : HikariPool-1 - Starting...
2023-03-28 11:27:53.997  INFO 22976 --- [XNIO-1 task-1] com.zaxxer.hikari.HikariDataSource       : HikariPool-1 - Start completed.
2023-03-28 11:27:54.003 DEBUG 22976 --- [XNIO-1 task-2] r.c.r.s.r.UserMapper.getUserByUserName   : ==>  Preparing: select id, user_uuid, user_name, password, real_name, age, sex, birth_day, user_level, phone, role, status, image_path, create_time, modify_time, last_active_time, deleted, wx_open_id from t_user where deleted=0 and user_name=? limit 1 
2023-03-28 11:27:54.003 DEBUG 22976 --- [XNIO-1 task-1] r.c.r.s.r.UserMapper.getUserByUserName   : ==>  Preparing: select id, user_uuid, user_name, password, real_name, age, sex, birth_day, user_level, phone, role, status, image_path, create_time, modify_time, last_active_time, deleted, wx_open_id from t_user where deleted=0 and user_name=? limit 1 
2023-03-28 11:27:54.027 DEBUG 22976 --- [XNIO-1 task-2] r.c.r.s.r.UserMapper.getUserByUserName   : ==> Parameters: admin(String)
2023-03-28 11:27:54.027 DEBUG 22976 --- [XNIO-1 task-1] r.c.r.s.r.UserMapper.getUserByUserName   : ==> Parameters: admin(String)
2023-03-28 11:27:54.056 DEBUG 22976 --- [XNIO-1 task-2] r.c.r.s.r.UserMapper.getUserByUserName   : <==      Total: 1
2023-03-28 11:27:54.056 DEBUG 22976 --- [XNIO-1 task-1] r.c.r.s.r.UserMapper.getUserByUserName   : <==      Total: 1
2023-03-28 11:27:54.065 DEBUG 22976 --- [XNIO-1 task-1] r.c.r.s.r.UserMapper.getUserByUserName   : ==>  Preparing: select id, user_uuid, user_name, password, real_name, age, sex, birth_day, user_level, phone, role, status, image_path, create_time, modify_time, last_active_time, deleted, wx_open_id from t_user where deleted=0 and user_name=? limit 1 
2023-03-28 11:27:54.065 DEBUG 22976 --- [XNIO-1 task-2] r.c.r.s.r.UserMapper.getUserByUserName   : ==>  Preparing: select id, user_uuid, user_name, password, real_name, age, sex, birth_day, user_level, phone, role, status, image_path, create_time, modify_time, last_active_time, deleted, wx_open_id from t_user where deleted=0 and user_name=? limit 1 
2023-03-28 11:27:54.066 DEBUG 22976 --- [XNIO-1 task-1] r.c.r.s.r.UserMapper.getUserByUserName   : ==> Parameters: admin(String)
2023-03-28 11:27:54.066 DEBUG 22976 --- [XNIO-1 task-2] r.c.r.s.r.UserMapper.getUserByUserName   : ==> Parameters: admin(String)
2023-03-28 11:27:54.068 DEBUG 22976 --- [XNIO-1 task-2] r.c.r.s.r.UserMapper.getUserByUserName   : <==      Total: 1
2023-03-28 11:27:54.068 DEBUG 22976 --- [XNIO-1 task-1] r.c.r.s.r.UserMapper.getUserByUserName   : <==      Total: 1
2023-03-28 11:28:02.587 DEBUG 22976 --- [XNIO-1 task-3] r.c.r.s.r.UserMapper.getUserByUserName   : ==>  Preparing: select id, user_uuid, user_name, password, real_name, age, sex, birth_day, user_level, phone, role, status, image_path, create_time, modify_time, last_active_time, deleted, wx_open_id from t_user where deleted=0 and user_name=? limit 1 
2023-03-28 11:28:02.587 DEBUG 22976 --- [XNIO-1 task-3] r.c.r.s.r.UserMapper.getUserByUserName   : ==> Parameters: Rachel(String)
2023-03-28 11:28:02.589 DEBUG 22976 --- [XNIO-1 task-3] r.c.r.s.r.UserMapper.getUserByUserName   : <==      Total: 1
2023-03-28 11:28:02.595 DEBUG 22976 --- [XNIO-1 task-3] r.c.r.s.r.UserMapper.getUserByUserName   : ==>  Preparing: select id, user_uuid, user_name, password, real_name, age, sex, birth_day, user_level, phone, role, status, image_path, create_time, modify_time, last_active_time, deleted, wx_open_id from t_user where deleted=0 and user_name=? limit 1 
2023-03-28 11:28:02.595 DEBUG 22976 --- [XNIO-1 task-3] r.c.r.s.r.UserMapper.getUserByUserName   : ==> Parameters: Rachel(String)
2023-03-28 11:28:02.597 DEBUG 22976 --- [XNIO-1 task-3] r.c.r.s.r.UserMapper.getUserByUserName   : <==      Total: 1
2023-03-28 11:28:02.613 DEBUG 22976 --- [XNIO-1 task-3] r.c.r.s.r.U.insertSelective              : ==>  Preparing: insert into t_user_event_log ( user_id, user_name, real_name, content, create_time ) values ( ?, ?, ?, ?, ? ) 
2023-03-28 11:28:02.615 DEBUG 22976 --- [XNIO-1 task-3] r.c.r.s.r.U.insertSelective              : ==> Parameters: 3(Integer), Rachel(String), Rachel(String), Rachel 登录了学之思开源考试系统(String), 2023-03-28 11:28:02.597(Timestamp)
2023-03-28 11:28:02.623 DEBUG 22976 --- [XNIO-1 task-3] r.c.r.s.r.U.insertSelective              : <==    Updates: 1
2023-03-28 11:28:02.819 DEBUG 22976 --- [XNIO-1 task-4] r.c.r.s.r.UserMapper.getUserByUserName   : ==>  Preparing: select id, user_uuid, user_name, password, real_name, age, sex, birth_day, user_level, phone, role, status, image_path, create_time, modify_time, last_active_time, deleted, wx_open_id from t_user where deleted=0 and user_name=? limit 1 
2023-03-28 11:28:02.819 DEBUG 22976 --- [XNIO-1 task-4] r.c.r.s.r.UserMapper.getUserByUserName   : ==> Parameters: Rachel(String)
2023-03-28 11:28:02.821 DEBUG 22976 --- [XNIO-1 task-4] r.c.r.s.r.UserMapper.getUserByUserName   : <==      Total: 1
2023-03-28 11:28:02.822 DEBUG 22976 --- [XNIO-1 task-4] r.c.r.s.r.MessageUserMapper.unReadCount  : ==>  Preparing: select count(*) from t_message_user where readed='f' and receive_user_id = ? 
2023-03-28 11:28:02.822 DEBUG 22976 --- [XNIO-1 task-4] r.c.r.s.r.MessageUserMapper.unReadCount  : ==> Parameters: 3(Integer)
2023-03-28 11:28:02.825 DEBUG 22976 --- [XNIO-1 task-4] r.c.r.s.r.MessageUserMapper.unReadCount  : <==      Total: 1
2023-03-28 11:28:03.028 DEBUG 22976 --- [XNIO-1 task-5] r.c.r.s.r.UserMapper.getUserByUserName   : ==>  Preparing: select id, user_uuid, user_name, password, real_name, age, sex, birth_day, user_level, phone, role, status, image_path, create_time, modify_time, last_active_time, deleted, wx_open_id from t_user where deleted=0 and user_name=? limit 1 
2023-03-28 11:28:03.029 DEBUG 22976 --- [XNIO-1 task-5] r.c.r.s.r.UserMapper.getUserByUserName   : ==> Parameters: Rachel(String)
2023-03-28 11:28:03.032 DEBUG 22976 --- [XNIO-1 task-5] r.c.r.s.r.UserMapper.getUserByUserName   : <==      Total: 1
2023-03-28 11:31:43.076  INFO 22976 --- [Thread-16] com.zaxxer.hikari.HikariDataSource       : HikariPool-1 - Shutdown initiated...
2023-03-28 11:31:43.084  INFO 22976 --- [Thread-16] com.zaxxer.hikari.HikariDataSource       : HikariPool-1 - Shutdown completed.
2023-03-28 11:31:43.084  INFO 22976 --- [Thread-16] io.undertow.servlet                      : Destroying Spring FrameworkServlet 'dispatcherServlet'
2023-03-28 16:02:56.416  INFO 3020 --- [restartedMain] com.rachel.service.ServiceApplication    : Starting ServiceApplication on DESKTOP-CVB834G with PID 3020 (D:\software\codes\IDEA\SoftwareEngineering\ExamSys\Service\target\classes started by Summer in D:\software\codes\IDEA\SoftwareEngineering\ExamSys)
2023-03-28 16:02:56.416  INFO 3020 --- [restartedMain] com.rachel.service.ServiceApplication    : The following profiles are active: dev
2023-03-28 16:02:56.463  INFO 3020 --- [restartedMain] .e.DevToolsPropertyDefaultsPostProcessor : Devtools property defaults active! Set 'spring.devtools.add-properties' to 'false' to disable
2023-03-28 16:02:56.463  INFO 3020 --- [restartedMain] .e.DevToolsPropertyDefaultsPostProcessor : For additional web related logging consider setting the 'logging.level.web' property to 'DEBUG'
2023-03-28 16:02:58.612  WARN 3020 --- [restartedMain] io.undertow.websockets.jsr               : UT026010: Buffer pool was not set on WebSocketDeploymentInfo, the default pool will be used
2023-03-28 16:02:58.644  INFO 3020 --- [restartedMain] io.undertow.servlet                      : Initializing Spring embedded WebApplicationContext
2023-03-28 16:02:58.644  INFO 3020 --- [restartedMain] o.s.web.context.ContextLoader            : Root WebApplicationContext: initialization completed in 2181 ms
2023-03-28 16:02:59.861  INFO 3020 --- [restartedMain] o.s.s.web.DefaultSecurityFilterChain     : Creating filter chain: any request, [org.springframework.security.web.context.request.async.WebAsyncManagerIntegrationFilter@5a328f8, org.springframework.security.web.context.SecurityContextPersistenceFilter@76494301, org.springframework.security.web.header.HeaderWriterFilter@218aad00, org.springframework.web.filter.CorsFilter@4d214cad, org.springframework.security.web.authentication.logout.LogoutFilter@35be7ec1, com.rachel.service.configuration.spring.security.RestLoginAuthenticationFilter@384b7263, org.springframework.security.web.authentication.UsernamePasswordAuthenticationFilter@38a6abf4, org.springframework.security.web.savedrequest.RequestCacheAwareFilter@efa3c45, org.springframework.security.web.servletapi.SecurityContextHolderAwareRequestFilter@61a2d5d5, org.springframework.security.web.authentication.rememberme.RememberMeAuthenticationFilter@4c19b1d4, org.springframework.security.web.authentication.AnonymousAuthenticationFilter@3098ec31, org.springframework.security.web.session.SessionManagementFilter@6759ec7, org.springframework.security.web.access.ExceptionTranslationFilter@21e5520a, org.springframework.security.web.access.intercept.FilterSecurityInterceptor@547dfbee]
2023-03-28 16:03:00.715  INFO 3020 --- [restartedMain] o.s.b.d.a.OptionalLiveReloadServer       : LiveReload server is running on port 35729
2023-03-28 16:03:00.820  INFO 3020 --- [restartedMain] org.xnio                                 : XNIO version 3.3.8.Final
2023-03-28 16:03:00.820  INFO 3020 --- [restartedMain] org.xnio.nio                             : XNIO NIO Implementation Version 3.3.8.Final
2023-03-28 16:03:00.913  INFO 3020 --- [restartedMain] o.s.b.w.e.u.UndertowServletWebServer     : Undertow started on port(s) 8000 (http) with context path ''
2023-03-28 16:03:00.913  INFO 3020 --- [restartedMain] com.rachel.service.ServiceApplication    : Started ServiceApplication in 5.308 seconds (JVM running for 6.849)
2023-03-28 16:03:12.721  INFO 3020 --- [XNIO-1 task-2] io.undertow.servlet                      : Initializing Spring DispatcherServlet 'dispatcherServlet'
2023-03-28 16:03:12.721  INFO 3020 --- [XNIO-1 task-2] o.s.web.servlet.DispatcherServlet        : Initializing Servlet 'dispatcherServlet'
2023-03-28 16:03:12.729  INFO 3020 --- [XNIO-1 task-2] o.s.web.servlet.DispatcherServlet        : Completed initialization in 8 ms
2023-03-28 16:03:12.804  INFO 3020 --- [XNIO-1 task-1] com.zaxxer.hikari.HikariDataSource       : HikariPool-1 - Starting...
2023-03-28 16:03:12.947  INFO 3020 --- [XNIO-1 task-1] com.zaxxer.hikari.HikariDataSource       : HikariPool-1 - Start completed.
2023-03-28 16:03:12.956 DEBUG 3020 --- [XNIO-1 task-2] r.c.r.s.r.UserMapper.getUserByUserName   : ==>  Preparing: select id, user_uuid, user_name, password, real_name, age, sex, birth_day, user_level, phone, role, status, image_path, create_time, modify_time, last_active_time, deleted, wx_open_id from t_user where deleted=0 and user_name=? limit 1 
2023-03-28 16:03:12.956 DEBUG 3020 --- [XNIO-1 task-1] r.c.r.s.r.UserMapper.getUserByUserName   : ==>  Preparing: select id, user_uuid, user_name, password, real_name, age, sex, birth_day, user_level, phone, role, status, image_path, create_time, modify_time, last_active_time, deleted, wx_open_id from t_user where deleted=0 and user_name=? limit 1 
2023-03-28 16:03:12.985 DEBUG 3020 --- [XNIO-1 task-2] r.c.r.s.r.UserMapper.getUserByUserName   : ==> Parameters: admin(String)
2023-03-28 16:03:12.985 DEBUG 3020 --- [XNIO-1 task-1] r.c.r.s.r.UserMapper.getUserByUserName   : ==> Parameters: admin(String)
2023-03-28 16:03:13.012 DEBUG 3020 --- [XNIO-1 task-1] r.c.r.s.r.UserMapper.getUserByUserName   : <==      Total: 1
2023-03-28 16:03:13.012 DEBUG 3020 --- [XNIO-1 task-2] r.c.r.s.r.UserMapper.getUserByUserName   : <==      Total: 1
2023-03-28 16:03:13.021 DEBUG 3020 --- [XNIO-1 task-1] r.c.r.s.r.UserMapper.getUserByUserName   : ==>  Preparing: select id, user_uuid, user_name, password, real_name, age, sex, birth_day, user_level, phone, role, status, image_path, create_time, modify_time, last_active_time, deleted, wx_open_id from t_user where deleted=0 and user_name=? limit 1 
2023-03-28 16:03:13.021 DEBUG 3020 --- [XNIO-1 task-2] r.c.r.s.r.UserMapper.getUserByUserName   : ==>  Preparing: select id, user_uuid, user_name, password, real_name, age, sex, birth_day, user_level, phone, role, status, image_path, create_time, modify_time, last_active_time, deleted, wx_open_id from t_user where deleted=0 and user_name=? limit 1 
2023-03-28 16:03:13.021 DEBUG 3020 --- [XNIO-1 task-1] r.c.r.s.r.UserMapper.getUserByUserName   : ==> Parameters: admin(String)
2023-03-28 16:03:13.021 DEBUG 3020 --- [XNIO-1 task-2] r.c.r.s.r.UserMapper.getUserByUserName   : ==> Parameters: admin(String)
2023-03-28 16:03:13.024 DEBUG 3020 --- [XNIO-1 task-2] r.c.r.s.r.UserMapper.getUserByUserName   : <==      Total: 1
2023-03-28 16:03:13.024 DEBUG 3020 --- [XNIO-1 task-1] r.c.r.s.r.UserMapper.getUserByUserName   : <==      Total: 1
2023-03-28 16:03:30.563 DEBUG 3020 --- [XNIO-1 task-3] r.c.r.s.r.UserMapper.getUserByUserName   : ==>  Preparing: select id, user_uuid, user_name, password, real_name, age, sex, birth_day, user_level, phone, role, status, image_path, create_time, modify_time, last_active_time, deleted, wx_open_id from t_user where deleted=0 and user_name=? limit 1 
2023-03-28 16:03:30.564 DEBUG 3020 --- [XNIO-1 task-3] r.c.r.s.r.UserMapper.getUserByUserName   : ==> Parameters: Rachel(String)
2023-03-28 16:03:30.566 DEBUG 3020 --- [XNIO-1 task-3] r.c.r.s.r.UserMapper.getUserByUserName   : <==      Total: 1
2023-03-28 16:03:30.574 DEBUG 3020 --- [XNIO-1 task-3] r.c.r.s.r.UserMapper.getUserByUserName   : ==>  Preparing: select id, user_uuid, user_name, password, real_name, age, sex, birth_day, user_level, phone, role, status, image_path, create_time, modify_time, last_active_time, deleted, wx_open_id from t_user where deleted=0 and user_name=? limit 1 
2023-03-28 16:03:30.574 DEBUG 3020 --- [XNIO-1 task-3] r.c.r.s.r.UserMapper.getUserByUserName   : ==> Parameters: Rachel(String)
2023-03-28 16:03:30.576 DEBUG 3020 --- [XNIO-1 task-3] r.c.r.s.r.UserMapper.getUserByUserName   : <==      Total: 1
2023-03-28 16:03:30.601 DEBUG 3020 --- [XNIO-1 task-3] r.c.r.s.r.U.insertSelective              : ==>  Preparing: insert into t_user_event_log ( user_id, user_name, real_name, content, create_time ) values ( ?, ?, ?, ?, ? ) 
2023-03-28 16:03:30.607 DEBUG 3020 --- [XNIO-1 task-3] r.c.r.s.r.U.insertSelective              : ==> Parameters: 3(Integer), Rachel(String), Rachel(String), Rachel 登录了学之思开源考试系统(String), 2023-03-28 16:03:30.577(Timestamp)
2023-03-28 16:03:30.617 DEBUG 3020 --- [XNIO-1 task-3] r.c.r.s.r.U.insertSelective              : <==    Updates: 1
2023-03-28 16:03:30.791 DEBUG 3020 --- [XNIO-1 task-4] r.c.r.s.r.UserMapper.getUserByUserName   : ==>  Preparing: select id, user_uuid, user_name, password, real_name, age, sex, birth_day, user_level, phone, role, status, image_path, create_time, modify_time, last_active_time, deleted, wx_open_id from t_user where deleted=0 and user_name=? limit 1 
2023-03-28 16:03:30.791 DEBUG 3020 --- [XNIO-1 task-4] r.c.r.s.r.UserMapper.getUserByUserName   : ==> Parameters: Rachel(String)
2023-03-28 16:03:30.794 DEBUG 3020 --- [XNIO-1 task-4] r.c.r.s.r.UserMapper.getUserByUserName   : <==      Total: 1
2023-03-28 16:03:30.795 DEBUG 3020 --- [XNIO-1 task-4] r.c.r.s.r.MessageUserMapper.unReadCount  : ==>  Preparing: select count(*) from t_message_user where readed='f' and receive_user_id = ? 
2023-03-28 16:03:30.796 DEBUG 3020 --- [XNIO-1 task-4] r.c.r.s.r.MessageUserMapper.unReadCount  : ==> Parameters: 3(Integer)
2023-03-28 16:03:30.799 DEBUG 3020 --- [XNIO-1 task-4] r.c.r.s.r.MessageUserMapper.unReadCount  : <==      Total: 1
2023-03-28 16:03:31.049 DEBUG 3020 --- [XNIO-1 task-5] r.c.r.s.r.UserMapper.getUserByUserName   : ==>  Preparing: select id, user_uuid, user_name, password, real_name, age, sex, birth_day, user_level, phone, role, status, image_path, create_time, modify_time, last_active_time, deleted, wx_open_id from t_user where deleted=0 and user_name=? limit 1 
2023-03-28 16:03:31.050 DEBUG 3020 --- [XNIO-1 task-5] r.c.r.s.r.UserMapper.getUserByUserName   : ==> Parameters: Rachel(String)
2023-03-28 16:03:31.052 DEBUG 3020 --- [XNIO-1 task-5] r.c.r.s.r.UserMapper.getUserByUserName   : <==      Total: 1
2023-03-28 16:07:35.211  WARN 3020 --- [HikariPool-1 housekeeper] com.zaxxer.hikari.pool.HikariPool        : HikariPool-1 - Thread starvation or clock leap detected (housekeeper delta=2m22s164ms817µs600ns).
2023-03-28 16:08:12.746 DEBUG 3020 --- [XNIO-1 task-6] r.c.r.s.r.UserMapper.getUserByUserName   : ==>  Preparing: select id, user_uuid, user_name, password, real_name, age, sex, birth_day, user_level, phone, role, status, image_path, create_time, modify_time, last_active_time, deleted, wx_open_id from t_user where deleted=0 and user_name=? limit 1 
2023-03-28 16:08:12.746 DEBUG 3020 --- [XNIO-1 task-6] r.c.r.s.r.UserMapper.getUserByUserName   : ==> Parameters: Rachel(String)
2023-03-28 16:08:12.755 DEBUG 3020 --- [XNIO-1 task-6] r.c.r.s.r.UserMapper.getUserByUserName   : <==      Total: 1
2023-03-28 16:08:12.760 DEBUG 3020 --- [XNIO-1 task-6] r.c.r.s.r.UserMapper.getUserByUserName   : ==>  Preparing: select id, user_uuid, user_name, password, real_name, age, sex, birth_day, user_level, phone, role, status, image_path, create_time, modify_time, last_active_time, deleted, wx_open_id from t_user where deleted=0 and user_name=? limit 1 
2023-03-28 16:08:12.760 DEBUG 3020 --- [XNIO-1 task-6] r.c.r.s.r.UserMapper.getUserByUserName   : ==> Parameters: Rachel(String)
2023-03-28 16:08:12.762 DEBUG 3020 --- [XNIO-1 task-6] r.c.r.s.r.UserMapper.getUserByUserName   : <==      Total: 1
2023-03-28 16:08:12.763 DEBUG 3020 --- [XNIO-1 task-6] r.c.r.s.r.U.insertSelective              : ==>  Preparing: insert into t_user_event_log ( user_id, user_name, real_name, content, create_time ) values ( ?, ?, ?, ?, ? ) 
2023-03-28 16:08:12.764 DEBUG 3020 --- [XNIO-1 task-6] r.c.r.s.r.U.insertSelective              : ==> Parameters: 3(Integer), Rachel(String), Rachel(String), Rachel 登录了学之思开源考试系统(String), 2023-03-28 16:08:12.763(Timestamp)
2023-03-28 16:08:12.770 DEBUG 3020 --- [XNIO-1 task-6] r.c.r.s.r.U.insertSelective              : <==    Updates: 1
2023-03-28 16:08:13.012 DEBUG 3020 --- [XNIO-1 task-7] r.c.r.s.r.UserMapper.getUserByUserName   : ==>  Preparing: select id, user_uuid, user_name, password, real_name, age, sex, birth_day, user_level, phone, role, status, image_path, create_time, modify_time, last_active_time, deleted, wx_open_id from t_user where deleted=0 and user_name=? limit 1 
2023-03-28 16:08:13.013 DEBUG 3020 --- [XNIO-1 task-7] r.c.r.s.r.UserMapper.getUserByUserName   : ==> Parameters: Rachel(String)
2023-03-28 16:08:13.015 DEBUG 3020 --- [XNIO-1 task-7] r.c.r.s.r.UserMapper.getUserByUserName   : <==      Total: 1
2023-03-28 16:08:13.016 DEBUG 3020 --- [XNIO-1 task-7] r.c.r.s.r.MessageUserMapper.unReadCount  : ==>  Preparing: select count(*) from t_message_user where readed='f' and receive_user_id = ? 
2023-03-28 16:08:13.016 DEBUG 3020 --- [XNIO-1 task-7] r.c.r.s.r.MessageUserMapper.unReadCount  : ==> Parameters: 3(Integer)
2023-03-28 16:08:13.018 DEBUG 3020 --- [XNIO-1 task-7] r.c.r.s.r.MessageUserMapper.unReadCount  : <==      Total: 1
2023-03-28 16:08:13.196 DEBUG 3020 --- [XNIO-1 task-8] r.c.r.s.r.UserMapper.getUserByUserName   : ==>  Preparing: select id, user_uuid, user_name, password, real_name, age, sex, birth_day, user_level, phone, role, status, image_path, create_time, modify_time, last_active_time, deleted, wx_open_id from t_user where deleted=0 and user_name=? limit 1 
2023-03-28 16:08:13.196 DEBUG 3020 --- [XNIO-1 task-8]  r.c.r.s.r.UserMapper.getUserByUserName   : ==> Parameters: Rachel(String)
2023-03-28 16:08:13.199 DEBUG 3020 --- [XNIO-1 task-8] r.c.r.s.r.UserMapper.getUserByUserName   : <==      Total: 1
2023-03-28 16:14:26.349  WARN 3020 --- [HikariPool-1 housekeeper] com.zaxxer.hikari.pool.HikariPool        : HikariPool-1 - Thread starvation or clock leap detected (housekeeper delta=2m51s100ms215µs300ns).
2023-03-28 16:20:42.682 DEBUG 3020 --- [XNIO-1 task-10] r.c.r.s.r.UserMapper.getUserByUserName   : ==>  Preparing: select id, user_uuid, user_name, password, real_name, age, sex, birth_day, user_level, phone, role, status, image_path, create_time, modify_time, last_active_time, deleted, wx_open_id from t_user where deleted=0 and user_name=? limit 1 
2023-03-28 16:20:42.682 DEBUG 3020 --- [XNIO-1 task-10] r.c.r.s.r.UserMapper.getUserByUserName   : ==> Parameters: admin(String)
2023-03-28 16:20:42.682 DEBUG 3020 --- [XNIO-1 task-9] r.c.r.s.r.UserMapper.getUserByUserName   : ==>  Preparing: select id, user_uuid, user_name, password, real_name, age, sex, birth_day, user_level, phone, role, status, image_path, create_time, modify_time, last_active_time, deleted, wx_open_id from t_user where deleted=0 and user_name=? limit 1 
2023-03-28 16:20:42.682 DEBUG 3020 --- [XNIO-1 task-10] r.c.r.s.r.UserMapper.getUserByUserName   : <==      Total: 1
2023-03-28 16:20:42.682 DEBUG 3020 --- [XNIO-1 task-9] r.c.r.s.r.UserMapper.getUserByUserName   : ==> Parameters: admin(String)
2023-03-28 16:20:42.682 DEBUG 3020 --- [XNIO-1 task-10] r.c.r.s.r.UserMapper.getUserByUserName   : ==>  Preparing: select id, user_uuid, user_name, password, real_name, age, sex, birth_day, user_level, phone, role, status, image_path, create_time, modify_time, last_active_time, deleted, wx_open_id from t_user where deleted=0 and user_name=? limit 1 
2023-03-28 16:20:42.682 DEBUG 3020 --- [XNIO-1 task-10] r.c.r.s.r.UserMapper.getUserByUserName   : ==> Parameters: admin(String)
2023-03-28 16:20:42.682 DEBUG 3020 --- [XNIO-1 task-9] r.c.r.s.r.UserMapper.getUserByUserName   : <==      Total: 1
2023-03-28 16:20:42.682 DEBUG 3020 --- [XNIO-1 task-9] r.c.r.s.r.UserMapper.getUserByUserName   : ==>  Preparing: select id, user_uuid, user_name, password, real_name, age, sex, birth_day, user_level, phone, role, status, image_path, create_time, modify_time, last_active_time, deleted, wx_open_id from t_user where deleted=0 and user_name=? limit 1 
2023-03-28 16:20:42.682 DEBUG 3020 --- [XNIO-1 task-9] r.c.r.s.r.UserMapper.getUserByUserName   : ==> Parameters: admin(String)
2023-03-28 16:20:42.682 DEBUG 3020 --- [XNIO-1 task-10] r.c.r.s.r.UserMapper.getUserByUserName   : <==      Total: 1
2023-03-28 16:20:42.698 DEBUG 3020 --- [XNIO-1 task-9] r.c.r.s.r.UserMapper.getUserByUserName   : <==      Total: 1
2023-03-28 16:20:53.178 DEBUG 3020 --- [XNIO-1 task-11] r.c.r.s.r.UserMapper.getUserByUserName   : ==>  Preparing: select id, user_uuid, user_name, password, real_name, age, sex, birth_day, user_level, phone, role, status, image_path, create_time, modify_time, last_active_time, deleted, wx_open_id from t_user where deleted=0 and user_name=? limit 1 
2023-03-28 16:20:53.178 DEBUG 3020 --- [XNIO-1 task-11] r.c.r.s.r.UserMapper.getUserByUserName   : ==> Parameters: Rachel(String)
2023-03-28 16:20:53.181 DEBUG 3020 --- [XNIO-1 task-11] r.c.r.s.r.UserMapper.getUserByUserName   : <==      Total: 1
2023-03-28 16:20:53.185 DEBUG 3020 --- [XNIO-1 task-11] r.c.r.s.r.UserMapper.getUserByUserName   : ==>  Preparing: select id, user_uuid, user_name, password, real_name, age, sex, birth_day, user_level, phone, role, status, image_path, create_time, modify_time, last_active_time, deleted, wx_open_id from t_user where deleted=0 and user_name=? limit 1 
2023-03-28 16:20:53.186 DEBUG 3020 --- [XNIO-1 task-11] r.c.r.s.r.UserMapper.getUserByUserName   : ==> Parameters: Rachel(String)
2023-03-28 16:20:53.187 DEBUG 3020 --- [XNIO-1 task-11] r.c.r.s.r.UserMapper.getUserByUserName   : <==      Total: 1
2023-03-28 16:20:53.189 DEBUG 3020 --- [XNIO-1 task-11] r.c.r.s.r.U.insertSelective              : ==>  Preparing: insert into t_user_event_log ( user_id, user_name, real_name, content, create_time ) values ( ?, ?, ?, ?, ? ) 
2023-03-28 16:20:53.190 DEBUG 3020 --- [XNIO-1 task-11] r.c.r.s.r.U.insertSelective              : ==> Parameters: 3(Integer), Rachel(String), Rachel(String), Rachel 登录了学之思开源考试系统(String), 2023-03-28 16:20:53.189(Timestamp)
2023-03-28 16:20:53.195 DEBUG 3020 --- [XNIO-1 task-11] r.c.r.s.r.U.insertSelective              : <==    Updates: 1
2023-03-28 16:20:53.582 DEBUG 3020 --- [XNIO-1 task-12] r.c.r.s.r.UserMapper.getUserByUserName   : ==>  Preparing: select id, user_uuid, user_name, password, real_name, age, sex, birth_day, user_level, phone, role, status, image_path, create_time, modify_time, last_active_time, deleted, wx_open_id from t_user where deleted=0 and user_name=? limit 1 
2023-03-28 16:20:53.584 DEBUG 3020 --- [XNIO-1 task-12] r.c.r.s.r.UserMapper.getUserByUserName   : ==> Parameters: Rachel(String)
2023-03-28 16:20:53.584 DEBUG 3020 --- [XNIO-1 task-13] r.c.r.s.r.UserMapper.getUserByUserName   : ==>  Preparing: select id, user_uuid, user_name, password, real_name, age, sex, birth_day, user_level, phone, role, status, image_path, create_time, modify_time, last_active_time, deleted, wx_open_id from t_user where deleted=0 and user_name=? limit 1 
2023-03-28 16:20:53.585 DEBUG 3020 --- [XNIO-1 task-13] r.c.r.s.r.UserMapper.getUserByUserName   : ==> Parameters: Rachel(String)
2023-03-28 16:20:53.586 DEBUG 3020 --- [XNIO-1 task-12] r.c.r.s.r.UserMapper.getUserByUserName   : <==      Total: 1
2023-03-28 16:20:53.588 DEBUG 3020 --- [XNIO-1 task-12] r.c.r.s.r.MessageUserMapper.unReadCount  : ==>  Preparing: select count(*) from t_message_user where readed='f' and receive_user_id = ? 
2023-03-28 16:20:53.588 DEBUG 3020 --- [XNIO-1 task-13] r.c.r.s.r.UserMapper.getUserByUserName   : <==      Total: 1
2023-03-28 16:20:53.588 DEBUG 3020 --- [XNIO-1 task-12] r.c.r.s.r.MessageUserMapper.unReadCount  : ==> Parameters: 3(Integer)
2023-03-28 16:20:53.589 DEBUG 3020 --- [XNIO-1 task-12] r.c.r.s.r.MessageUserMapper.unReadCount  : <==      Total: 1
