2023-04-02 17:23:11.884  INFO 19200 --- [restartedMain] com.rachel.service.ServiceApplication    : Starting ServiceApplication on DESKTOP-CVB834G with PID 19200 (D:\software\codes\IDEA\SoftwareEngineering\ExamSys\Service\target\classes started by Summer in D:\software\codes\IDEA\SoftwareEngineering\ExamSys)
2023-04-02 17:23:11.886  INFO 19200 --- [restartedMain] com.rachel.service.ServiceApplication    : The following profiles are active: dev
2023-04-02 17:23:11.972  INFO 19200 --- [restartedMain] .e.DevToolsPropertyDefaultsPostProcessor : Devtools property defaults active! Set 'spring.devtools.add-properties' to 'false' to disable
2023-04-02 17:23:11.973  INFO 19200 --- [restartedMain] .e.DevToolsPropertyDefaultsPostProcessor : For additional web related logging consider setting the 'logging.level.web' property to 'DEBUG'
2023-04-02 17:23:13.741  WARN 19200 --- [restartedMain] io.undertow.websockets.jsr               : UT026010: Buffer pool was not set on WebSocketDeploymentInfo, the default pool will be used
2023-04-02 17:23:13.775  INFO 19200 --- [restartedMain] io.undertow.servlet                      : Initializing Spring embedded WebApplicationContext
2023-04-02 17:23:13.775  INFO 19200 --- [restartedMain] o.s.web.context.ContextLoader            : Root WebApplicationContext: initialization completed in 1802 ms
2023-04-02 17:23:14.739  INFO 19200 --- [restartedMain] o.s.s.web.DefaultSecurityFilterChain     : Creating filter chain: any request, [org.springframework.security.web.context.request.async.WebAsyncManagerIntegrationFilter@7fd03094, org.springframework.security.web.context.SecurityContextPersistenceFilter@40dee74b, org.springframework.security.web.header.HeaderWriterFilter@28f6cdb, org.springframework.web.filter.CorsFilter@7d7348d8, org.springframework.security.web.authentication.logout.LogoutFilter@7db76d1b, com.rachel.service.configuration.spring.security.RestLoginAuthenticationFilter@8eb067b, org.springframework.security.web.authentication.UsernamePasswordAuthenticationFilter@7920b695, org.springframework.security.web.savedrequest.RequestCacheAwareFilter@62f0c9e0, org.springframework.security.web.servletapi.SecurityContextHolderAwareRequestFilter@91d024a, org.springframework.security.web.authentication.rememberme.RememberMeAuthenticationFilter@2d8f44c3, org.springframework.security.web.authentication.AnonymousAuthenticationFilter@5fb27dc2, org.springframework.security.web.session.SessionManagementFilter@9d6580a, org.springframework.security.web.access.ExceptionTranslationFilter@3483a56d, org.springframework.security.web.access.intercept.FilterSecurityInterceptor@61309c0c]
2023-04-02 17:23:15.310  INFO 19200 --- [restartedMain] o.s.b.d.a.OptionalLiveReloadServer       : LiveReload server is running on port 35729
2023-04-02 17:23:15.373  INFO 19200 --- [restartedMain] org.xnio                                 : XNIO version 3.3.8.Final
2023-04-02 17:23:15.382  INFO 19200 --- [restartedMain] org.xnio.nio                             : XNIO NIO Implementation Version 3.3.8.Final
2023-04-02 17:23:15.441  INFO 19200 --- [restartedMain] o.s.b.w.e.u.UndertowServletWebServer     : Undertow started on port(s) 8000 (http) with context path ''
2023-04-02 17:23:15.445  INFO 19200 --- [restartedMain] com.rachel.service.ServiceApplication    : Started ServiceApplication in 4.149 seconds (JVM running for 5.302)
2023-04-02 17:23:46.903  INFO 19200 --- [XNIO-1 task-1] io.undertow.servlet                      : Initializing Spring DispatcherServlet 'dispatcherServlet'
2023-04-02 17:23:46.903  INFO 19200 --- [XNIO-1 task-1] o.s.web.servlet.DispatcherServlet        : Initializing Servlet 'dispatcherServlet'
2023-04-02 17:23:46.910  INFO 19200 --- [XNIO-1 task-1] o.s.web.servlet.DispatcherServlet        : Completed initialization in 7 ms
2023-04-02 17:23:52.661  INFO 19200 --- [XNIO-1 task-5] com.zaxxer.hikari.HikariDataSource       : HikariPool-1 - Starting...
2023-04-02 17:23:52.785  INFO 19200 --- [XNIO-1 task-5] com.zaxxer.hikari.HikariDataSource       : HikariPool-1 - Start completed.
2023-04-02 17:23:52.791 DEBUG 19200 --- [XNIO-1 task-5] r.c.r.s.r.UserMapper.getUserByUserName   : ==>  Preparing: select id, user_uuid, user_name, password, real_name, age, sex, birth_day, user_level, phone, role, status, image_path, create_time, modify_time, last_active_time, deleted, wx_open_id from t_user where deleted=0 and user_name=? limit 1 
2023-04-02 17:23:52.812 DEBUG 19200 --- [XNIO-1 task-5] r.c.r.s.r.UserMapper.getUserByUserName   : ==> Parameters: Rachel(String)
2023-04-02 17:23:52.834 DEBUG 19200 --- [XNIO-1 task-5] r.c.r.s.r.UserMapper.getUserByUserName   : <==      Total: 1
2023-04-02 17:23:53.446 DEBUG 19200 --- [XNIO-1 task-5] r.c.r.s.r.UserMapper.getUserByUserName   : ==>  Preparing: select id, user_uuid, user_name, password, real_name, age, sex, birth_day, user_level, phone, role, status, image_path, create_time, modify_time, last_active_time, deleted, wx_open_id from t_user where deleted=0 and user_name=? limit 1 
2023-04-02 17:23:53.447 DEBUG 19200 --- [XNIO-1 task-5] r.c.r.s.r.UserMapper.getUserByUserName   : ==> Parameters: Rachel(String)
2023-04-02 17:23:53.449 DEBUG 19200 --- [XNIO-1 task-5] r.c.r.s.r.UserMapper.getUserByUserName   : <==      Total: 1
2023-04-02 17:23:53.462 DEBUG 19200 --- [XNIO-1 task-5] r.c.r.s.r.U.insertSelective              : ==>  Preparing: insert into t_user_event_log ( user_id, user_name, real_name, content, create_time ) values ( ?, ?, ?, ?, ? ) 
2023-04-02 17:23:53.464 DEBUG 19200 --- [XNIO-1 task-5] r.c.r.s.r.U.insertSelective              : ==> Parameters: 3(Integer), Rachel(String), Rachel(String), Rachel 登录了学之思开源考试系统(String), 2023-04-02 17:23:53.449(Timestamp)
2023-04-02 17:23:53.472 DEBUG 19200 --- [XNIO-1 task-5] r.c.r.s.r.U.insertSelective              : <==    Updates: 1
2023-04-02 17:23:53.555 DEBUG 19200 --- [XNIO-1 task-7] r.c.r.s.r.UserMapper.getUserByUserName   : ==>  Preparing: select id, user_uuid, user_name, password, real_name, age, sex, birth_day, user_level, phone, role, status, image_path, create_time, modify_time, last_active_time, deleted, wx_open_id from t_user where deleted=0 and user_name=? limit 1 
2023-04-02 17:23:53.556 DEBUG 19200 --- [XNIO-1 task-6] r.c.r.s.r.UserMapper.getUserByUserName   : ==>  Preparing: select id, user_uuid, user_name, password, real_name, age, sex, birth_day, user_level, phone, role, status, image_path, create_time, modify_time, last_active_time, deleted, wx_open_id from t_user where deleted=0 and user_name=? limit 1 
2023-04-02 17:23:53.556 DEBUG 19200 --- [XNIO-1 task-7] r.c.r.s.r.UserMapper.getUserByUserName   : ==> Parameters: Rachel(String)
2023-04-02 17:23:53.556 DEBUG 19200 --- [XNIO-1 task-6] r.c.r.s.r.UserMapper.getUserByUserName   : ==> Parameters: Rachel(String)
2023-04-02 17:23:53.560 DEBUG 19200 --- [XNIO-1 task-7] r.c.r.s.r.UserMapper.getUserByUserName   : <==      Total: 1
2023-04-02 17:23:53.561 DEBUG 19200 --- [XNIO-1 task-6] r.c.r.s.r.UserMapper.getUserByUserName   : <==      Total: 1
2023-04-02 17:23:53.562 DEBUG 19200 --- [XNIO-1 task-6] r.c.r.s.r.MessageUserMapper.unReadCount  : ==>  Preparing: select count(*) from t_message_user where readed='f' and receive_user_id = ? 
2023-04-02 17:23:53.562 DEBUG 19200 --- [XNIO-1 task-6] r.c.r.s.r.MessageUserMapper.unReadCount  : ==> Parameters: 3(Integer)
2023-04-02 17:23:53.565 DEBUG 19200 --- [XNIO-1 task-6] r.c.r.s.r.MessageUserMapper.unReadCount  : <==      Total: 1
2023-04-02 17:23:53.852 DEBUG 19200 --- [XNIO-1 task-8] r.c.r.s.r.UserMapper.getUserByUserName   : ==>  Preparing: select id, user_uuid, user_name, password, real_name, age, sex, birth_day, user_level, phone, role, status, image_path, create_time, modify_time, last_active_time, deleted, wx_open_id from t_user where deleted=0 and user_name=? limit 1 
2023-04-02 17:23:53.853 DEBUG 19200 --- [XNIO-1 task-8] r.c.r.s.r.UserMapper.getUserByUserName   : ==> Parameters: Rachel(String)
2023-04-02 17:23:53.853 DEBUG 19200 --- [XNIO-1 task-9] r.c.r.s.r.UserMapper.getUserByUserName   : ==>  Preparing: select id, user_uuid, user_name, password, real_name, age, sex, birth_day, user_level, phone, role, status, image_path, create_time, modify_time, last_active_time, deleted, wx_open_id from t_user where deleted=0 and user_name=? limit 1 
2023-04-02 17:23:53.853 DEBUG 19200 --- [XNIO-1 task-9] r.c.r.s.r.UserMapper.getUserByUserName   : ==> Parameters: Rachel(String)
2023-04-02 17:23:53.855 DEBUG 19200 --- [XNIO-1 task-8] r.c.r.s.r.UserMapper.getUserByUserName   : <==      Total: 1
2023-04-02 17:23:53.855 DEBUG 19200 --- [XNIO-1 task-9] r.c.r.s.r.UserMapper.getUserByUserName   : <==      Total: 1
2023-04-02 17:23:53.857 DEBUG 19200 --- [XNIO-1 task-8] r.c.r.s.r.T.getByGradeLevel              : ==>  Preparing: select id, title, grade_level, frame_text_content_id, create_user, create_time, deleted, create_user_name from t_task_exam where deleted=0 and grade_level = ? 
2023-04-02 17:23:53.857 DEBUG 19200 --- [XNIO-1 task-8] r.c.r.s.r.T.getByGradeLevel              : ==> Parameters: 3(Integer)
2023-04-02 17:23:53.861 DEBUG 19200 --- [XNIO-1 task-8] r.c.r.s.r.T.getByGradeLevel              : <==      Total: 0
2023-04-02 17:23:53.861 DEBUG 19200 --- [XNIO-1 task-9] r.c.r.s.r.ExamPaperMapper.indexPaper     : ==>  Preparing: SELECT id,name,limit_start_time,limit_end_time FROM t_exam_paper WHERE deleted=0 and paper_type= ? and grade_level=? ORDER BY id desc limit 5 
2023-04-02 17:23:53.861 DEBUG 19200 --- [XNIO-1 task-9] r.c.r.s.r.ExamPaperMapper.indexPaper     : ==> Parameters: 1(Integer), 3(Integer)
2023-04-02 17:23:53.864 DEBUG 19200 --- [XNIO-1 task-9] r.c.r.s.r.ExamPaperMapper.indexPaper     : <==      Total: 1
2023-04-02 17:23:53.865 DEBUG 19200 --- [XNIO-1 task-9] r.c.r.s.r.ExamPaperMapper.indexPaper     : ==>  Preparing: SELECT id,name,limit_start_time,limit_end_time FROM t_exam_paper WHERE deleted=0 and paper_type= ? and grade_level=? and ? between limit_start_time and limit_end_time ORDER BY id desc limit 5 
2023-04-02 17:23:53.865 DEBUG 19200 --- [XNIO-1 task-9] r.c.r.s.r.ExamPaperMapper.indexPaper     : ==> Parameters: 4(Integer), 3(Integer), 2023-04-02 17:23:53.864(Timestamp)
2023-04-02 17:23:53.871 DEBUG 19200 --- [XNIO-1 task-9] r.c.r.s.r.ExamPaperMapper.indexPaper     : <==      Total: 0
2023-04-02 17:27:56.172 DEBUG 19200 --- [XNIO-1 task-10] r.c.r.s.r.UserMapper.getUserByUserName   : ==>  Preparing: select id, user_uuid, user_name, password, real_name, age, sex, birth_day, user_level, phone, role, status, image_path, create_time, modify_time, last_active_time, deleted, wx_open_id from t_user where deleted=0 and user_name=? limit 1 
2023-04-02 17:27:56.172 DEBUG 19200 --- [XNIO-1 task-10] r.c.r.s.r.UserMapper.getUserByUserName   : ==> Parameters: Rachel(String)
2023-04-02 17:27:56.174 DEBUG 19200 --- [XNIO-1 task-10] r.c.r.s.r.UserMapper.getUserByUserName   : <==      Total: 1
2023-04-02 17:27:56.175 DEBUG 19200 --- [XNIO-1 task-10] r.c.r.s.r.U.insertSelective              : ==>  Preparing: insert into t_user_event_log ( user_id, user_name, real_name, content, create_time ) values ( ?, ?, ?, ?, ? ) 
2023-04-02 17:27:56.175 DEBUG 19200 --- [XNIO-1 task-10] r.c.r.s.r.U.insertSelective              : ==> Parameters: 3(Integer), Rachel(String), Rachel(String), Rachel 登出了学之思开源考试系统(String), 2023-04-02 17:27:56.174(Timestamp)
2023-04-02 17:27:56.180 DEBUG 19200 --- [XNIO-1 task-10] r.c.r.s.r.U.insertSelective              : <==    Updates: 1
2023-04-02 17:28:02.129 DEBUG 19200 --- [XNIO-1 task-11] r.c.r.s.r.UserMapper.getUserByUserName   : ==>  Preparing: select id, user_uuid, user_name, password, real_name, age, sex, birth_day, user_level, phone, role, status, image_path, create_time, modify_time, last_active_time, deleted, wx_open_id from t_user where deleted=0 and user_name=? limit 1 
2023-04-02 17:28:02.129 DEBUG 19200 --- [XNIO-1 task-11] r.c.r.s.r.UserMapper.getUserByUserName   : ==> Parameters: student(String)
2023-04-02 17:28:02.130 DEBUG 19200 --- [XNIO-1 task-11] r.c.r.s.r.UserMapper.getUserByUserName   : <==      Total: 1
2023-04-02 17:28:02.134 DEBUG 19200 --- [XNIO-1 task-11] r.c.r.s.r.UserMapper.getUserByUserName   : ==>  Preparing: select id, user_uuid, user_name, password, real_name, age, sex, birth_day, user_level, phone, role, status, image_path, create_time, modify_time, last_active_time, deleted, wx_open_id from t_user where deleted=0 and user_name=? limit 1 
2023-04-02 17:28:02.134 DEBUG 19200 --- [XNIO-1 task-11] r.c.r.s.r.UserMapper.getUserByUserName   : ==> Parameters: student(String)
2023-04-02 17:28:02.136 DEBUG 19200 --- [XNIO-1 task-11] r.c.r.s.r.UserMapper.getUserByUserName   : <==      Total: 1
2023-04-02 17:28:02.137 DEBUG 19200 --- [XNIO-1 task-11] r.c.r.s.r.U.insertSelective              : ==>  Preparing: insert into t_user_event_log ( user_id, user_name, real_name, content, create_time ) values ( ?, ?, ?, ?, ? ) 
2023-04-02 17:28:02.139 DEBUG 19200 --- [XNIO-1 task-11] r.c.r.s.r.U.insertSelective              : ==> Parameters: 1(Integer), student(String), 学生(String), student 登录了学之思开源考试系统(String), 2023-04-02 17:28:02.137(Timestamp)
2023-04-02 17:28:02.143 DEBUG 19200 --- [XNIO-1 task-11] r.c.r.s.r.U.insertSelective              : <==    Updates: 1
2023-04-02 17:28:02.507 DEBUG 19200 --- [XNIO-1 task-12] r.c.r.s.r.UserMapper.getUserByUserName   : ==>  Preparing: select id, user_uuid, user_name, password, real_name, age, sex, birth_day, user_level, phone, role, status, image_path, create_time, modify_time, last_active_time, deleted, wx_open_id from t_user where deleted=0 and user_name=? limit 1 
2023-04-02 17:28:02.508 DEBUG 19200 --- [XNIO-1 task-12] r.c.r.s.r.UserMapper.getUserByUserName   : ==> Parameters: student(String)
2023-04-02 17:28:02.508 DEBUG 19200 --- [XNIO-1 task-13] r.c.r.s.r.UserMapper.getUserByUserName   : ==>  Preparing: select id, user_uuid, user_name, password, real_name, age, sex, birth_day, user_level, phone, role, status, image_path, create_time, modify_time, last_active_time, deleted, wx_open_id from t_user where deleted=0 and user_name=? limit 1 
2023-04-02 17:28:02.509 DEBUG 19200 --- [XNIO-1 task-15] r.c.r.s.r.UserMapper.getUserByUserName   : ==>  Preparing: select id, user_uuid, user_name, password, real_name, age, sex, birth_day, user_level, phone, role, status, image_path, create_time, modify_time, last_active_time, deleted, wx_open_id from t_user where deleted=0 and user_name=? limit 1 
2023-04-02 17:28:02.509 DEBUG 19200 --- [XNIO-1 task-14] r.c.r.s.r.UserMapper.getUserByUserName   : ==>  Preparing: select id, user_uuid, user_name, password, real_name, age, sex, birth_day, user_level, phone, role, status, image_path, create_time, modify_time, last_active_time, deleted, wx_open_id from t_user where deleted=0 and user_name=? limit 1 
2023-04-02 17:28:02.509 DEBUG 19200 --- [XNIO-1 task-13] r.c.r.s.r.UserMapper.getUserByUserName   : ==> Parameters: student(String)
2023-04-02 17:28:02.509 DEBUG 19200 --- [XNIO-1 task-14] r.c.r.s.r.UserMapper.getUserByUserName   : ==> Parameters: student(String)
2023-04-02 17:28:02.509 DEBUG 19200 --- [XNIO-1 task-15] r.c.r.s.r.UserMapper.getUserByUserName   : ==> Parameters: student(String)
2023-04-02 17:28:02.510 DEBUG 19200 --- [XNIO-1 task-12] r.c.r.s.r.UserMapper.getUserByUserName   : <==      Total: 1
2023-04-02 17:28:02.510 DEBUG 19200 --- [XNIO-1 task-13] r.c.r.s.r.UserMapper.getUserByUserName   : <==      Total: 1
2023-04-02 17:28:02.511 DEBUG 19200 --- [XNIO-1 task-12] r.c.r.s.r.MessageUserMapper.unReadCount  : ==>  Preparing: select count(*) from t_message_user where readed='f' and receive_user_id = ? 
2023-04-02 17:28:02.511 DEBUG 19200 --- [XNIO-1 task-12] r.c.r.s.r.MessageUserMapper.unReadCount  : ==> Parameters: 1(Integer)
2023-04-02 17:28:02.512 DEBUG 19200 --- [XNIO-1 task-15] r.c.r.s.r.UserMapper.getUserByUserName   : <==      Total: 1
2023-04-02 17:28:02.512 DEBUG 19200 --- [XNIO-1 task-14] r.c.r.s.r.UserMapper.getUserByUserName   : <==      Total: 1
2023-04-02 17:28:02.514 DEBUG 19200 --- [XNIO-1 task-12] r.c.r.s.r.MessageUserMapper.unReadCount  : <==      Total: 1
2023-04-02 17:28:02.515 DEBUG 19200 --- [XNIO-1 task-15] r.c.r.s.r.T.getByGradeLevel              : ==>  Preparing: select id, title, grade_level, frame_text_content_id, create_user, create_time, deleted, create_user_name from t_task_exam where deleted=0 and grade_level = ? 
2023-04-02 17:28:02.515 DEBUG 19200 --- [XNIO-1 task-14] r.c.r.s.r.ExamPaperMapper.indexPaper     : ==>  Preparing: SELECT id,name,limit_start_time,limit_end_time FROM t_exam_paper WHERE deleted=0 and paper_type= ? and grade_level=? ORDER BY id desc limit 5 
2023-04-02 17:28:02.516 DEBUG 19200 --- [XNIO-1 task-14] r.c.r.s.r.ExamPaperMapper.indexPaper     : ==> Parameters: 1(Integer), 1(Integer)
2023-04-02 17:28:02.516 DEBUG 19200 --- [XNIO-1 task-15] r.c.r.s.r.T.getByGradeLevel              : ==> Parameters: 1(Integer)
2023-04-02 17:28:02.518 DEBUG 19200 --- [XNIO-1 task-15] r.c.r.s.r.T.getByGradeLevel              : <==      Total: 0
2023-04-02 17:28:02.518 DEBUG 19200 --- [XNIO-1 task-14] r.c.r.s.r.ExamPaperMapper.indexPaper     : <==      Total: 0
2023-04-02 17:28:02.519 DEBUG 19200 --- [XNIO-1 task-14] r.c.r.s.r.ExamPaperMapper.indexPaper     : ==>  Preparing: SELECT id,name,limit_start_time,limit_end_time FROM t_exam_paper WHERE deleted=0 and paper_type= ? and grade_level=? and ? between limit_start_time and limit_end_time ORDER BY id desc limit 5 
2023-04-02 17:28:02.520 DEBUG 19200 --- [XNIO-1 task-14] r.c.r.s.r.ExamPaperMapper.indexPaper     : ==> Parameters: 4(Integer), 1(Integer), 2023-04-02 17:28:02.519(Timestamp)
2023-04-02 17:28:02.521 DEBUG 19200 --- [XNIO-1 task-14] r.c.r.s.r.ExamPaperMapper.indexPaper     : <==      Total: 0
2023-04-02 17:30:25.481 DEBUG 19200 --- [XNIO-1 task-16] r.c.r.s.r.UserMapper.getUserByUserName   : ==>  Preparing: select id, user_uuid, user_name, password, real_name, age, sex, birth_day, user_level, phone, role, status, image_path, create_time, modify_time, last_active_time, deleted, wx_open_id from t_user where deleted=0 and user_name=? limit 1 
2023-04-02 17:30:25.481 DEBUG 19200 --- [XNIO-1 task-16] r.c.r.s.r.UserMapper.getUserByUserName   : ==> Parameters: student(String)
2023-04-02 17:30:25.485 DEBUG 19200 --- [XNIO-1 task-16] r.c.r.s.r.UserMapper.getUserByUserName   : <==      Total: 1
2023-04-02 17:30:25.486 DEBUG 19200 --- [XNIO-1 task-16] r.c.r.s.r.U.insertSelective              : ==>  Preparing: insert into t_user_event_log ( user_id, user_name, real_name, content, create_time ) values ( ?, ?, ?, ?, ? ) 
2023-04-02 17:30:25.487 DEBUG 19200 --- [XNIO-1 task-16] r.c.r.s.r.U.insertSelective              : ==> Parameters: 1(Integer), student(String), 学生(String), student 登出了学之思开源考试系统(String), 2023-04-02 17:30:25.486(Timestamp)
2023-04-02 17:30:25.497 DEBUG 19200 --- [XNIO-1 task-16] r.c.r.s.r.U.insertSelective              : <==    Updates: 1
2023-04-02 17:31:06.144  INFO 19200 --- [Thread-15] com.zaxxer.hikari.HikariDataSource       : HikariPool-1 - Shutdown initiated...
2023-04-02 17:31:06.150  INFO 19200 --- [Thread-15] com.zaxxer.hikari.HikariDataSource       : HikariPool-1 - Shutdown completed.
2023-04-02 17:31:06.151  INFO 19200 --- [Thread-15] io.undertow.servlet                      : Destroying Spring FrameworkServlet 'dispatcherServlet'
2023-04-02 17:53:50.088  INFO 3044 --- [restartedMain] com.rachel.service.ServiceApplication    : Starting ServiceApplication on DESKTOP-CVB834G with PID 3044 (D:\software\codes\IDEA\SoftwareEngineering\ExamSys\Service\target\classes started by Summer in D:\software\codes\IDEA\SoftwareEngineering\ExamSys)
2023-04-02 17:53:50.096  INFO 3044 --- [restartedMain] com.rachel.service.ServiceApplication    : The following profiles are active: dev
2023-04-02 17:53:50.129  INFO 3044 --- [restartedMain] .e.DevToolsPropertyDefaultsPostProcessor : Devtools property defaults active! Set 'spring.devtools.add-properties' to 'false' to disable
2023-04-02 17:53:50.129  INFO 3044 --- [restartedMain] .e.DevToolsPropertyDefaultsPostProcessor : For additional web related logging consider setting the 'logging.level.web' property to 'DEBUG'
2023-04-02 17:53:51.526  WARN 3044 --- [restartedMain] io.undertow.websockets.jsr               : UT026010: Buffer pool was not set on WebSocketDeploymentInfo, the default pool will be used
2023-04-02 17:53:51.551  INFO 3044 --- [restartedMain] io.undertow.servlet                      : Initializing Spring embedded WebApplicationContext
2023-04-02 17:53:51.551  INFO 3044 --- [restartedMain] o.s.web.context.ContextLoader            : Root WebApplicationContext: initialization completed in 1422 ms
2023-04-02 17:53:52.468  INFO 3044 --- [restartedMain] o.s.s.web.DefaultSecurityFilterChain     : Creating filter chain: any request, [org.springframework.security.web.context.request.async.WebAsyncManagerIntegrationFilter@507aa6d5, org.springframework.security.web.context.SecurityContextPersistenceFilter@d534163, org.springframework.security.web.header.HeaderWriterFilter@77691ff6, org.springframework.web.filter.CorsFilter@2d02eb9d, org.springframework.security.web.authentication.logout.LogoutFilter@2e4dab31, com.rachel.service.configuration.spring.security.RestLoginAuthenticationFilter@63b5b6ec, org.springframework.security.web.authentication.UsernamePasswordAuthenticationFilter@403a788e, org.springframework.security.web.savedrequest.RequestCacheAwareFilter@f477b42, org.springframework.security.web.servletapi.SecurityContextHolderAwareRequestFilter@622e177f, org.springframework.security.web.authentication.rememberme.RememberMeAuthenticationFilter@126d88a0, org.springframework.security.web.authentication.AnonymousAuthenticationFilter@1b340622, org.springframework.security.web.session.SessionManagementFilter@696b340f, org.springframework.security.web.access.ExceptionTranslationFilter@6168e142, org.springframework.security.web.access.intercept.FilterSecurityInterceptor@70756b2a]
2023-04-02 17:53:53.056  INFO 3044 --- [restartedMain] o.s.b.d.a.OptionalLiveReloadServer       : LiveReload server is running on port 35729
2023-04-02 17:53:53.104  INFO 3044 --- [restartedMain] org.xnio                                 : XNIO version 3.3.8.Final
2023-04-02 17:53:53.120  INFO 3044 --- [restartedMain] org.xnio.nio                             : XNIO NIO Implementation Version 3.3.8.Final
2023-04-02 17:53:53.177  INFO 3044 --- [restartedMain] o.s.b.w.e.u.UndertowServletWebServer     : Undertow started on port(s) 8000 (http) with context path ''
2023-04-02 17:53:53.185  INFO 3044 --- [restartedMain] com.rachel.service.ServiceApplication    : Started ServiceApplication in 3.585 seconds (JVM running for 4.729)
2023-04-02 17:53:58.243  INFO 3044 --- [XNIO-1 task-2] io.undertow.servlet                      : Initializing Spring DispatcherServlet 'dispatcherServlet'
2023-04-02 17:53:58.243  INFO 3044 --- [XNIO-1 task-2] o.s.web.servlet.DispatcherServlet        : Initializing Servlet 'dispatcherServlet'
2023-04-02 17:53:58.258  INFO 3044 --- [XNIO-1 task-2] o.s.web.servlet.DispatcherServlet        : Completed initialization in 15 ms
2023-04-02 17:54:03.413  INFO 3044 --- [XNIO-1 task-5] com.zaxxer.hikari.HikariDataSource       : HikariPool-1 - Starting...
2023-04-02 17:54:03.519  INFO 3044 --- [XNIO-1 task-5] com.zaxxer.hikari.HikariDataSource       : HikariPool-1 - Start completed.
2023-04-02 17:54:03.527 DEBUG 3044 --- [XNIO-1 task-5] r.c.r.s.r.UserMapper.getUserByUserName   : ==>  Preparing: select id, user_uuid, user_name, password, real_name, age, sex, birth_day, user_level, phone, role, status, image_path, create_time, modify_time, last_active_time, deleted, wx_open_id from t_user where deleted=0 and user_name=? limit 1 
2023-04-02 17:54:03.543 DEBUG 3044 --- [XNIO-1 task-5] r.c.r.s.r.UserMapper.getUserByUserName   : ==> Parameters: student(String)
2023-04-02 17:54:03.567 DEBUG 3044 --- [XNIO-1 task-5] r.c.r.s.r.UserMapper.getUserByUserName   : <==      Total: 1
2023-04-02 17:54:04.019 DEBUG 3044 --- [XNIO-1 task-5] r.c.r.s.r.UserMapper.getUserByUserName   : ==>  Preparing: select id, user_uuid, user_name, password, real_name, age, sex, birth_day, user_level, phone, role, status, image_path, create_time, modify_time, last_active_time, deleted, wx_open_id from t_user where deleted=0 and user_name=? limit 1 
2023-04-02 17:54:04.019 DEBUG 3044 --- [XNIO-1 task-5] r.c.r.s.r.UserMapper.getUserByUserName   : ==> Parameters: student(String)
2023-04-02 17:54:04.019 DEBUG 3044 --- [XNIO-1 task-5] r.c.r.s.r.UserMapper.getUserByUserName   : <==      Total: 1
2023-04-02 17:54:04.037 DEBUG 3044 --- [XNIO-1 task-5] r.c.r.s.r.U.insertSelective              : ==>  Preparing: insert into t_user_event_log ( user_id, user_name, real_name, content, create_time ) values ( ?, ?, ?, ?, ? ) 
2023-04-02 17:54:04.037 DEBUG 3044 --- [XNIO-1 task-5] r.c.r.s.r.U.insertSelective              : ==> Parameters: 1(Integer), student(String), 学生(String), student 登录了学之思开源考试系统(String), 2023-04-02 17:54:04.019(Timestamp)
2023-04-02 17:54:04.045 DEBUG 3044 --- [XNIO-1 task-5] r.c.r.s.r.U.insertSelective              : <==    Updates: 1
2023-04-02 17:54:04.122 DEBUG 3044 --- [XNIO-1 task-6] r.c.r.s.r.UserMapper.getUserByUserName   : ==>  Preparing: select id, user_uuid, user_name, password, real_name, age, sex, birth_day, user_level, phone, role, status, image_path, create_time, modify_time, last_active_time, deleted, wx_open_id from t_user where deleted=0 and user_name=? limit 1 
2023-04-02 17:54:04.122 DEBUG 3044 --- [XNIO-1 task-6] r.c.r.s.r.UserMapper.getUserByUserName   : ==> Parameters: student(String)
2023-04-02 17:54:04.122 DEBUG 3044 --- [XNIO-1 task-6] r.c.r.s.r.UserMapper.getUserByUserName   : <==      Total: 1
2023-04-02 17:54:04.122 DEBUG 3044 --- [XNIO-1 task-6] r.c.r.s.r.MessageUserMapper.unReadCount  : ==>  Preparing: select count(*) from t_message_user where readed='f' and receive_user_id = ? 
2023-04-02 17:54:04.122 DEBUG 3044 --- [XNIO-1 task-6] r.c.r.s.r.MessageUserMapper.unReadCount  : ==> Parameters: 1(Integer)
2023-04-02 17:54:04.122 DEBUG 3044 --- [XNIO-1 task-6] r.c.r.s.r.MessageUserMapper.unReadCount  : <==      Total: 1
2023-04-02 17:54:04.421 DEBUG 3044 --- [XNIO-1 task-7] r.c.r.s.r.UserMapper.getUserByUserName   : ==>  Preparing: select id, user_uuid, user_name, password, real_name, age, sex, birth_day, user_level, phone, role, status, image_path, create_time, modify_time, last_active_time, deleted, wx_open_id from t_user where deleted=0 and user_name=? limit 1 
2023-04-02 17:54:04.421 DEBUG 3044 --- [XNIO-1 task-9] r.c.r.s.r.UserMapper.getUserByUserName   : ==>  Preparing: select id, user_uuid, user_name, password, real_name, age, sex, birth_day, user_level, phone, role, status, image_path, create_time, modify_time, last_active_time, deleted, wx_open_id from t_user where deleted=0 and user_name=? limit 1 
2023-04-02 17:54:04.421 DEBUG 3044 --- [XNIO-1 task-7] r.c.r.s.r.UserMapper.getUserByUserName   : ==> Parameters: student(String)
2023-04-02 17:54:04.421 DEBUG 3044 --- [XNIO-1 task-9] r.c.r.s.r.UserMapper.getUserByUserName   : ==> Parameters: student(String)
2023-04-02 17:54:04.421 DEBUG 3044 --- [XNIO-1 task-8] r.c.r.s.r.UserMapper.getUserByUserName   : ==>  Preparing: select id, user_uuid, user_name, password, real_name, age, sex, birth_day, user_level, phone, role, status, image_path, create_time, modify_time, last_active_time, deleted, wx_open_id from t_user where deleted=0 and user_name=? limit 1 
2023-04-02 17:54:04.421 DEBUG 3044 --- [XNIO-1 task-8] r.c.r.s.r.UserMapper.getUserByUserName   : ==> Parameters: student(String)
2023-04-02 17:54:04.421 DEBUG 3044 --- [XNIO-1 task-7] r.c.r.s.r.UserMapper.getUserByUserName   : <==      Total: 1
2023-04-02 17:54:04.421 DEBUG 3044 --- [XNIO-1 task-9] r.c.r.s.r.UserMapper.getUserByUserName   : <==      Total: 1
2023-04-02 17:54:04.421 DEBUG 3044 --- [XNIO-1 task-8] r.c.r.s.r.UserMapper.getUserByUserName   : <==      Total: 1
2023-04-02 17:54:04.421 DEBUG 3044 --- [XNIO-1 task-9] r.c.r.s.r.T.getByGradeLevel              : ==>  Preparing: select id, title, grade_level, frame_text_content_id, create_user, create_time, deleted, create_user_name from t_task_exam where deleted=0 and grade_level = ? 
2023-04-02 17:54:04.421 DEBUG 3044 --- [XNIO-1 task-9] r.c.r.s.r.T.getByGradeLevel              : ==> Parameters: 1(Integer)
2023-04-02 17:54:04.421 DEBUG 3044 --- [XNIO-1 task-9] r.c.r.s.r.T.getByGradeLevel              : <==      Total: 0
2023-04-02 17:54:04.429 DEBUG 3044 --- [XNIO-1 task-8] r.c.r.s.r.ExamPaperMapper.indexPaper     : ==>  Preparing: SELECT id,name,limit_start_time,limit_end_time FROM t_exam_paper WHERE deleted=0 and paper_type= ? and grade_level=? ORDER BY id desc limit 5 
2023-04-02 17:54:04.429 DEBUG 3044 --- [XNIO-1 task-8] r.c.r.s.r.ExamPaperMapper.indexPaper     : ==> Parameters: 1(Integer), 1(Integer)
2023-04-02 17:54:04.429 DEBUG 3044 --- [XNIO-1 task-8] r.c.r.s.r.ExamPaperMapper.indexPaper     : <==      Total: 0
2023-04-02 17:54:04.429 DEBUG 3044 --- [XNIO-1 task-8] r.c.r.s.r.ExamPaperMapper.indexPaper     : ==>  Preparing: SELECT id,name,limit_start_time,limit_end_time FROM t_exam_paper WHERE deleted=0 and paper_type= ? and grade_level=? and ? between limit_start_time and limit_end_time ORDER BY id desc limit 5 
2023-04-02 17:54:04.429 DEBUG 3044 --- [XNIO-1 task-8] r.c.r.s.r.ExamPaperMapper.indexPaper     : ==> Parameters: 4(Integer), 1(Integer), 2023-04-02 17:54:04.429(Timestamp)
2023-04-02 17:54:04.429 DEBUG 3044 --- [XNIO-1 task-8] r.c.r.s.r.ExamPaperMapper.indexPaper     : <==      Total: 0
2023-04-02 17:54:17.328  INFO 3044 --- [Thread-15] com.zaxxer.hikari.HikariDataSource       : HikariPool-1 - Shutdown initiated...
2023-04-02 17:54:17.338  INFO 3044 --- [Thread-15] com.zaxxer.hikari.HikariDataSource       : HikariPool-1 - Shutdown completed.
2023-04-02 17:54:17.338  INFO 3044 --- [Thread-15] io.undertow.servlet                      : Destroying Spring FrameworkServlet 'dispatcherServlet'
2023-04-02 17:54:20.932  INFO 23584 --- [restartedMain] com.rachel.service.ServiceApplication    : Starting ServiceApplication on DESKTOP-CVB834G with PID 23584 (D:\software\codes\IDEA\SoftwareEngineering\ExamSys\Service\target\classes started by Summer in D:\software\codes\IDEA\SoftwareEngineering\ExamSys)
2023-04-02 17:54:20.932  INFO 23584 --- [restartedMain] com.rachel.service.ServiceApplication    : The following profiles are active: dev
2023-04-02 17:54:20.973  INFO 23584 --- [restartedMain] .e.DevToolsPropertyDefaultsPostProcessor : Devtools property defaults active! Set 'spring.devtools.add-properties' to 'false' to disable
2023-04-02 17:54:20.973  INFO 23584 --- [restartedMain] .e.DevToolsPropertyDefaultsPostProcessor : For additional web related logging consider setting the 'logging.level.web' property to 'DEBUG'
2023-04-02 17:54:22.266  WARN 23584 --- [restartedMain] io.undertow.websockets.jsr               : UT026010: Buffer pool was not set on WebSocketDeploymentInfo, the default pool will be used
2023-04-02 17:54:22.282  INFO 23584 --- [restartedMain] io.undertow.servlet                      : Initializing Spring embedded WebApplicationContext
2023-04-02 17:54:22.282  INFO 23584 --- [restartedMain] o.s.web.context.ContextLoader            : Root WebApplicationContext: initialization completed in 1309 ms
2023-04-02 17:54:23.066  INFO 23584 --- [restartedMain] o.s.s.web.DefaultSecurityFilterChain     : Creating filter chain: any request, [org.springframework.security.web.context.request.async.WebAsyncManagerIntegrationFilter@7ec62ae9, org.springframework.security.web.context.SecurityContextPersistenceFilter@3a6d3784, org.springframework.security.web.header.HeaderWriterFilter@2feb94f7, org.springframework.web.filter.CorsFilter@40ede723, org.springframework.security.web.authentication.logout.LogoutFilter@147b179e, com.rachel.service.configuration.spring.security.RestLoginAuthenticationFilter@159c285f, org.springframework.security.web.authentication.UsernamePasswordAuthenticationFilter@63a1468d, org.springframework.security.web.savedrequest.RequestCacheAwareFilter@4583b32f, org.springframework.security.web.servletapi.SecurityContextHolderAwareRequestFilter@256def75, org.springframework.security.web.authentication.rememberme.RememberMeAuthenticationFilter@1af825db, org.springframework.security.web.authentication.AnonymousAuthenticationFilter@4c41e7c8, org.springframework.security.web.session.SessionManagementFilter@9b48ae7, org.springframework.security.web.access.ExceptionTranslationFilter@1d56c2e1, org.springframework.security.web.access.intercept.FilterSecurityInterceptor@2034ce73]
2023-04-02 17:54:23.577  INFO 23584 --- [restartedMain] o.s.b.d.a.OptionalLiveReloadServer       : LiveReload server is running on port 35729
2023-04-02 17:54:23.632  INFO 23584 --- [restartedMain] org.xnio                                 : XNIO version 3.3.8.Final
2023-04-02 17:54:23.640  INFO 23584 --- [restartedMain] org.xnio.nio                             : XNIO NIO Implementation Version 3.3.8.Final
2023-04-02 17:54:23.696  INFO 23584 --- [restartedMain] o.s.b.w.e.u.UndertowServletWebServer     : Undertow started on port(s) 8000 (http) with context path ''
2023-04-02 17:54:23.696  INFO 23584 --- [restartedMain] com.rachel.service.ServiceApplication    : Started ServiceApplication in 3.315 seconds (JVM running for 4.52)
2023-04-02 17:54:26.562  INFO 23584 --- [XNIO-1 task-2] io.undertow.servlet                      : Initializing Spring DispatcherServlet 'dispatcherServlet'
2023-04-02 17:54:26.562  INFO 23584 --- [XNIO-1 task-2] o.s.web.servlet.DispatcherServlet        : Initializing Servlet 'dispatcherServlet'
2023-04-02 17:54:26.570  INFO 23584 --- [XNIO-1 task-2] o.s.web.servlet.DispatcherServlet        : Completed initialization in 8 ms
2023-04-02 17:54:26.635  INFO 23584 --- [XNIO-1 task-3] com.zaxxer.hikari.HikariDataSource       : HikariPool-1 - Starting...
2023-04-02 17:54:27.805 ERROR 23584 --- [XNIO-1 task-3] com.zaxxer.hikari.pool.HikariPool        : HikariPool-1 - Exception during pool initialization.

java.sql.SQLException: Access denied for user 'rachel'@'localhost' (using password: YES)
	at com.mysql.cj.jdbc.exceptions.SQLError.createSQLException(SQLError.java:129)
	at com.mysql.cj.jdbc.exceptions.SQLError.createSQLException(SQLError.java:97)
	at com.mysql.cj.jdbc.exceptions.SQLExceptionsMapping.translateException(SQLExceptionsMapping.java:122)
	at com.mysql.cj.jdbc.ConnectionImpl.createNewIO(ConnectionImpl.java:827)
	at com.mysql.cj.jdbc.ConnectionImpl.<init>(ConnectionImpl.java:447)
	at com.mysql.cj.jdbc.ConnectionImpl.getInstance(ConnectionImpl.java:237)
	at com.mysql.cj.jdbc.NonRegisteringDriver.connect(NonRegisteringDriver.java:199)
	at com.zaxxer.hikari.util.DriverDataSource.getConnection(DriverDataSource.java:136)
	at com.zaxxer.hikari.pool.PoolBase.newConnection(PoolBase.java:369)
	at com.zaxxer.hikari.pool.PoolBase.newPoolEntry(PoolBase.java:198)
	at com.zaxxer.hikari.pool.HikariPool.createPoolEntry(HikariPool.java:467)
	at com.zaxxer.hikari.pool.HikariPool.checkFailFast(HikariPool.java:541)
	at com.zaxxer.hikari.pool.HikariPool.<init>(HikariPool.java:115)
	at com.zaxxer.hikari.HikariDataSource.getConnection(HikariDataSource.java:112)
	at org.springframework.jdbc.datasource.DataSourceUtils.fetchConnection(DataSourceUtils.java:157)
	at org.springframework.jdbc.datasource.DataSourceUtils.doGetConnection(DataSourceUtils.java:115)
	at org.springframework.jdbc.datasource.DataSourceUtils.getConnection(DataSourceUtils.java:78)
	at org.mybatis.spring.transaction.SpringManagedTransaction.openConnection(SpringManagedTransaction.java:80)
	at org.mybatis.spring.transaction.SpringManagedTransaction.getConnection(SpringManagedTransaction.java:67)
	at org.apache.ibatis.executor.BaseExecutor.getConnection(BaseExecutor.java:336)
	at org.apache.ibatis.executor.SimpleExecutor.prepareStatement(SimpleExecutor.java:85)
	at org.apache.ibatis.executor.SimpleExecutor.doQuery(SimpleExecutor.java:62)
	at org.apache.ibatis.executor.BaseExecutor.queryFromDatabase(BaseExecutor.java:324)
	at org.apache.ibatis.executor.BaseExecutor.query(BaseExecutor.java:156)
	at org.apache.ibatis.executor.CachingExecutor.query(CachingExecutor.java:109)
	at com.github.pagehelper.PageInterceptor.intercept(PageInterceptor.java:108)
	at org.apache.ibatis.plugin.Plugin.invoke(Plugin.java:61)
	at com.sun.proxy.$Proxy102.query(Unknown Source)
	at org.apache.ibatis.session.defaults.DefaultSqlSession.selectList(DefaultSqlSession.java:147)
	at org.apache.ibatis.session.defaults.DefaultSqlSession.selectList(DefaultSqlSession.java:140)
	at org.apache.ibatis.session.defaults.DefaultSqlSession.selectOne(DefaultSqlSession.java:76)
	at sun.reflect.NativeMethodAccessorImpl.invoke0(Native Method)
	at sun.reflect.NativeMethodAccessorImpl.invoke(NativeMethodAccessorImpl.java:62)
	at sun.reflect.DelegatingMethodAccessorImpl.invoke(DelegatingMethodAccessorImpl.java:43)
	at java.lang.reflect.Method.invoke(Method.java:498)
	at org.mybatis.spring.SqlSessionTemplate$SqlSessionInterceptor.invoke(SqlSessionTemplate.java:426)
	at com.sun.proxy.$Proxy64.selectOne(Unknown Source)
	at org.mybatis.spring.SqlSessionTemplate.selectOne(SqlSessionTemplate.java:159)
	at org.apache.ibatis.binding.MapperMethod.execute(MapperMethod.java:87)
	at org.apache.ibatis.binding.MapperProxy.invoke(MapperProxy.java:57)
	at com.sun.proxy.$Proxy65.getUserByUserName(Unknown Source)
	at com.rachel.service.service.impl.UserServiceImpl.getUserByUserName(UserServiceImpl.java:48)
	at sun.reflect.NativeMethodAccessorImpl.invoke0(Native Method)
	at sun.reflect.NativeMethodAccessorImpl.invoke(NativeMethodAccessorImpl.java:62)
	at sun.reflect.DelegatingMethodAccessorImpl.invoke(DelegatingMethodAccessorImpl.java:43)
	at java.lang.reflect.Method.invoke(Method.java:498)
	at org.springframework.aop.support.AopUtils.invokeJoinpointUsingReflection(AopUtils.java:343)
	at org.springframework.aop.framework.JdkDynamicAopProxy.invoke(JdkDynamicAopProxy.java:205)
	at com.sun.proxy.$Proxy68.getUserByUserName(Unknown Source)
	at com.rachel.service.context.WebContext.getCurrentUser(WebContext.java:51)
	at com.rachel.service.base.BaseApiController.getCurrentUser(BaseApiController.java:37)
	at com.rachel.service.controller.student.DashboardController.index(DashboardController.java:50)
	at sun.reflect.NativeMethodAccessorImpl.invoke0(Native Method)
	at sun.reflect.NativeMethodAccessorImpl.invoke(NativeMethodAccessorImpl.java:62)
	at sun.reflect.DelegatingMethodAccessorImpl.invoke(DelegatingMethodAccessorImpl.java:43)
	at java.lang.reflect.Method.invoke(Method.java:498)
	at org.springframework.web.method.support.InvocableHandlerMethod.doInvoke(InvocableHandlerMethod.java:190)
	at org.springframework.web.method.support.InvocableHandlerMethod.invokeForRequest(InvocableHandlerMethod.java:138)
	at org.springframework.web.servlet.mvc.method.annotation.ServletInvocableHandlerMethod.invokeAndHandle(ServletInvocableHandlerMethod.java:104)
	at org.springframework.web.servlet.mvc.method.annotation.RequestMappingHandlerAdapter.invokeHandlerMethod(RequestMappingHandlerAdapter.java:892)
	at org.springframework.web.servlet.mvc.method.annotation.RequestMappingHandlerAdapter.handleInternal(RequestMappingHandlerAdapter.java:797)
	at org.springframework.web.servlet.mvc.method.AbstractHandlerMethodAdapter.handle(AbstractHandlerMethodAdapter.java:87)
	at org.springframework.web.servlet.DispatcherServlet.doDispatch(DispatcherServlet.java:1039)
	at org.springframework.web.servlet.DispatcherServlet.doService(DispatcherServlet.java:942)
	at org.springframework.web.servlet.FrameworkServlet.processRequest(FrameworkServlet.java:1005)
	at org.springframework.web.servlet.FrameworkServlet.doPost(FrameworkServlet.java:908)
	at javax.servlet.http.HttpServlet.service(HttpServlet.java:665)
	at org.springframework.web.servlet.FrameworkServlet.service(FrameworkServlet.java:882)
	at javax.servlet.http.HttpServlet.service(HttpServlet.java:750)
	at io.undertow.servlet.handlers.ServletHandler.handleRequest(ServletHandler.java:74)
	at io.undertow.servlet.handlers.FilterHandler$FilterChainImpl.doFilter(FilterHandler.java:129)
	at org.springframework.security.web.authentication.AbstractAuthenticationProcessingFilter.doFilter(AbstractAuthenticationProcessingFilter.java:200)
	at io.undertow.servlet.core.ManagedFilter.doFilter(ManagedFilter.java:61)
	at io.undertow.servlet.handlers.FilterHandler$FilterChainImpl.doFilter(FilterHandler.java:131)
	at org.springframework.security.web.FilterChainProxy$VirtualFilterChain.doFilter(FilterChainProxy.java:320)
	at org.springframework.security.web.access.intercept.FilterSecurityInterceptor.invoke(FilterSecurityInterceptor.java:127)
	at org.springframework.security.web.access.intercept.FilterSecurityInterceptor.doFilter(FilterSecurityInterceptor.java:91)
	at org.springframework.security.web.FilterChainProxy$VirtualFilterChain.doFilter(FilterChainProxy.java:334)
	at org.springframework.security.web.access.ExceptionTranslationFilter.doFilter(ExceptionTranslationFilter.java:119)
	at org.springframework.security.web.FilterChainProxy$VirtualFilterChain.doFilter(FilterChainProxy.java:334)
	at org.springframework.security.web.session.SessionManagementFilter.doFilter(SessionManagementFilter.java:137)
	at org.springframework.security.web.FilterChainProxy$VirtualFilterChain.doFilter(FilterChainProxy.java:334)
	at org.springframework.security.web.authentication.AnonymousAuthenticationFilter.doFilter(AnonymousAuthenticationFilter.java:111)
	at org.springframework.security.web.FilterChainProxy$VirtualFilterChain.doFilter(FilterChainProxy.java:334)
	at org.springframework.security.web.authentication.rememberme.RememberMeAuthenticationFilter.doFilter(RememberMeAuthenticationFilter.java:158)
	at org.springframework.security.web.FilterChainProxy$VirtualFilterChain.doFilter(FilterChainProxy.java:334)
	at org.springframework.security.web.servletapi.SecurityContextHolderAwareRequestFilter.doFilter(SecurityContextHolderAwareRequestFilter.java:170)
	at org.springframework.security.web.FilterChainProxy$VirtualFilterChain.doFilter(FilterChainProxy.java:334)
	at org.springframework.security.web.savedrequest.RequestCacheAwareFilter.doFilter(RequestCacheAwareFilter.java:63)
	at org.springframework.security.web.FilterChainProxy$VirtualFilterChain.doFilter(FilterChainProxy.java:334)
	at org.springframework.security.web.authentication.AbstractAuthenticationProcessingFilter.doFilter(AbstractAuthenticationProcessingFilter.java:200)
	at org.springframework.security.web.FilterChainProxy$VirtualFilterChain.doFilter(FilterChainProxy.java:334)
	at org.springframework.security.web.authentication.AbstractAuthenticationProcessingFilter.doFilter(AbstractAuthenticationProcessingFilter.java:200)
	at org.springframework.security.web.FilterChainProxy$VirtualFilterChain.doFilter(FilterChainProxy.java:334)
	at org.springframework.security.web.authentication.logout.LogoutFilter.doFilter(LogoutFilter.java:116)
	at org.springframework.security.web.FilterChainProxy$VirtualFilterChain.doFilter(FilterChainProxy.java:334)
	at org.springframework.web.filter.CorsFilter.doFilterInternal(CorsFilter.java:96)
	at org.springframework.web.filter.OncePerRequestFilter.doFilter(OncePerRequestFilter.java:109)
	at org.springframework.security.web.FilterChainProxy$VirtualFilterChain.doFilter(FilterChainProxy.java:334)
	at org.springframework.security.web.header.HeaderWriterFilter.doFilterInternal(HeaderWriterFilter.java:74)
	at org.springframework.web.filter.OncePerRequestFilter.doFilter(OncePerRequestFilter.java:109)
	at org.springframework.security.web.FilterChainProxy$VirtualFilterChain.doFilter(FilterChainProxy.java:334)
	at org.springframework.security.web.context.SecurityContextPersistenceFilter.doFilter(SecurityContextPersistenceFilter.java:105)
	at org.springframework.security.web.FilterChainProxy$VirtualFilterChain.doFilter(FilterChainProxy.java:334)
	at org.springframework.security.web.context.request.async.WebAsyncManagerIntegrationFilter.doFilterInternal(WebAsyncManagerIntegrationFilter.java:56)
	at org.springframework.web.filter.OncePerRequestFilter.doFilter(OncePerRequestFilter.java:109)
	at org.springframework.security.web.FilterChainProxy$VirtualFilterChain.doFilter(FilterChainProxy.java:334)
	at org.springframework.security.web.FilterChainProxy.doFilterInternal(FilterChainProxy.java:215)
	at org.springframework.security.web.FilterChainProxy.doFilter(FilterChainProxy.java:178)
	at org.springframework.web.filter.DelegatingFilterProxy.invokeDelegate(DelegatingFilterProxy.java:357)
	at org.springframework.web.filter.DelegatingFilterProxy.doFilter(DelegatingFilterProxy.java:270)
	at io.undertow.servlet.core.ManagedFilter.doFilter(ManagedFilter.java:61)
	at io.undertow.servlet.handlers.FilterHandler$FilterChainImpl.doFilter(FilterHandler.java:131)
	at org.springframework.web.filter.CharacterEncodingFilter.doFilterInternal(CharacterEncodingFilter.java:200)
	at org.springframework.web.filter.OncePerRequestFilter.doFilter(OncePerRequestFilter.java:109)
	at io.undertow.servlet.core.ManagedFilter.doFilter(ManagedFilter.java:61)
	at io.undertow.servlet.handlers.FilterHandler$FilterChainImpl.doFilter(FilterHandler.java:131)
	at io.undertow.servlet.handlers.FilterHandler.handleRequest(FilterHandler.java:84)
	at io.undertow.servlet.handlers.security.ServletSecurityRoleHandler.handleRequest(ServletSecurityRoleHandler.java:62)
	at io.undertow.servlet.handlers.ServletChain$1.handleRequest(ServletChain.java:68)
	at io.undertow.servlet.handlers.ServletDispatchingHandler.handleRequest(ServletDispatchingHandler.java:36)
	at io.undertow.servlet.handlers.security.SSLInformationAssociationHandler.handleRequest(SSLInformationAssociationHandler.java:132)
	at io.undertow.servlet.handlers.security.ServletAuthenticationCallHandler.handleRequest(ServletAuthenticationCallHandler.java:57)
	at io.undertow.server.handlers.PredicateHandler.handleRequest(PredicateHandler.java:43)
	at io.undertow.security.handlers.AbstractConfidentialityHandler.handleRequest(AbstractConfidentialityHandler.java:46)
	at io.undertow.servlet.handlers.security.ServletConfidentialityConstraintHandler.handleRequest(ServletConfidentialityConstraintHandler.java:64)
	at io.undertow.security.handlers.AuthenticationMechanismsHandler.handleRequest(AuthenticationMechanismsHandler.java:60)
	at io.undertow.servlet.handlers.security.CachedAuthenticatedSessionHandler.handleRequest(CachedAuthenticatedSessionHandler.java:77)
	at io.undertow.security.handlers.AbstractSecurityContextAssociationHandler.handleRequest(AbstractSecurityContextAssociationHandler.java:43)
	at io.undertow.server.handlers.PredicateHandler.handleRequest(PredicateHandler.java:43)
	at io.undertow.server.handlers.PredicateHandler.handleRequest(PredicateHandler.java:43)
	at io.undertow.servlet.handlers.SessionRestoringHandler.handleRequest(SessionRestoringHandler.java:143)
	at io.undertow.servlet.handlers.ServletInitialHandler.handleFirstRequest(ServletInitialHandler.java:292)
	at io.undertow.servlet.handlers.ServletInitialHandler.access$100(ServletInitialHandler.java:81)
	at io.undertow.servlet.handlers.ServletInitialHandler$2.call(ServletInitialHandler.java:138)
	at io.undertow.servlet.handlers.ServletInitialHandler$2.call(ServletInitialHandler.java:135)
	at io.undertow.servlet.core.ServletRequestContextThreadSetupAction$1.call(ServletRequestContextThreadSetupAction.java:48)
	at io.undertow.servlet.core.ContextClassLoaderSetupAction$1.call(ContextClassLoaderSetupAction.java:43)
	at io.undertow.servlet.handlers.ServletInitialHandler.dispatchRequest(ServletInitialHandler.java:272)
	at io.undertow.servlet.handlers.ServletInitialHandler.access$000(ServletInitialHandler.java:81)
	at io.undertow.servlet.handlers.ServletInitialHandler$1.handleRequest(ServletInitialHandler.java:104)
	at io.undertow.server.Connectors.executeRootHandler(Connectors.java:364)
	at io.undertow.server.HttpServerExchange$1.run(HttpServerExchange.java:830)
	at java.util.concurrent.ThreadPoolExecutor.runWorker(ThreadPoolExecutor.java:1149)
	at java.util.concurrent.ThreadPoolExecutor$Worker.run(ThreadPoolExecutor.java:624)
	at java.lang.Thread.run(Thread.java:750)

2023-04-02 17:54:27.814 ERROR 23584 --- [XNIO-1 task-3] c.r.s.c.s.exception.ExceptionHandle      : nested exception is org.apache.ibatis.exceptions.PersistenceException: 
### Error querying database.  Cause: org.springframework.jdbc.CannotGetJdbcConnectionException: Failed to obtain JDBC Connection; nested exception is java.sql.SQLException: Access denied for user 'rachel'@'localhost' (using password: YES)
### The error may exist in file [D:\software\codes\IDEA\SoftwareEngineering\ExamSys\Service\target\classes\mapper\UserMapper.xml]
### The error may involve com.rachel.service.repository.UserMapper.getUserByUserName
### The error occurred while executing a query
### Cause: org.springframework.jdbc.CannotGetJdbcConnectionException: Failed to obtain JDBC Connection; nested exception is java.sql.SQLException: Access denied for user 'rachel'@'localhost' (using password: YES)

org.mybatis.spring.MyBatisSystemException: nested exception is org.apache.ibatis.exceptions.PersistenceException: 
### Error querying database.  Cause: org.springframework.jdbc.CannotGetJdbcConnectionException: Failed to obtain JDBC Connection; nested exception is java.sql.SQLException: Access denied for user 'rachel'@'localhost' (using password: YES)
### The error may exist in file [D:\software\codes\IDEA\SoftwareEngineering\ExamSys\Service\target\classes\mapper\UserMapper.xml]
### The error may involve com.rachel.service.repository.UserMapper.getUserByUserName
### The error occurred while executing a query
### Cause: org.springframework.jdbc.CannotGetJdbcConnectionException: Failed to obtain JDBC Connection; nested exception is java.sql.SQLException: Access denied for user 'rachel'@'localhost' (using password: YES)
	at org.mybatis.spring.MyBatisExceptionTranslator.translateExceptionIfPossible(MyBatisExceptionTranslator.java:78)
	at org.mybatis.spring.SqlSessionTemplate$SqlSessionInterceptor.invoke(SqlSessionTemplate.java:440)
	at com.sun.proxy.$Proxy64.selectOne(Unknown Source)
	at org.mybatis.spring.SqlSessionTemplate.selectOne(SqlSessionTemplate.java:159)
	at org.apache.ibatis.binding.MapperMethod.execute(MapperMethod.java:87)
	at org.apache.ibatis.binding.MapperProxy.invoke(MapperProxy.java:57)
	at com.sun.proxy.$Proxy65.getUserByUserName(Unknown Source)
	at com.rachel.service.service.impl.UserServiceImpl.getUserByUserName(UserServiceImpl.java:48)
	at sun.reflect.NativeMethodAccessorImpl.invoke0(Native Method)
	at sun.reflect.NativeMethodAccessorImpl.invoke(NativeMethodAccessorImpl.java:62)
	at sun.reflect.DelegatingMethodAccessorImpl.invoke(DelegatingMethodAccessorImpl.java:43)
	at java.lang.reflect.Method.invoke(Method.java:498)
	at org.springframework.aop.support.AopUtils.invokeJoinpointUsingReflection(AopUtils.java:343)
	at org.springframework.aop.framework.JdkDynamicAopProxy.invoke(JdkDynamicAopProxy.java:205)
	at com.sun.proxy.$Proxy68.getUserByUserName(Unknown Source)
	at com.rachel.service.context.WebContext.getCurrentUser(WebContext.java:51)
	at com.rachel.service.base.BaseApiController.getCurrentUser(BaseApiController.java:37)
	at com.rachel.service.controller.student.DashboardController.index(DashboardController.java:50)
	at sun.reflect.NativeMethodAccessorImpl.invoke0(Native Method)
	at sun.reflect.NativeMethodAccessorImpl.invoke(NativeMethodAccessorImpl.java:62)
	at sun.reflect.DelegatingMethodAccessorImpl.invoke(DelegatingMethodAccessorImpl.java:43)
	at java.lang.reflect.Method.invoke(Method.java:498)
	at org.springframework.web.method.support.InvocableHandlerMethod.doInvoke(InvocableHandlerMethod.java:190)
	at org.springframework.web.method.support.InvocableHandlerMethod.invokeForRequest(InvocableHandlerMethod.java:138)
	at org.springframework.web.servlet.mvc.method.annotation.ServletInvocableHandlerMethod.invokeAndHandle(ServletInvocableHandlerMethod.java:104)
	at org.springframework.web.servlet.mvc.method.annotation.RequestMappingHandlerAdapter.invokeHandlerMethod(RequestMappingHandlerAdapter.java:892)
	at org.springframework.web.servlet.mvc.method.annotation.RequestMappingHandlerAdapter.handleInternal(RequestMappingHandlerAdapter.java:797)
	at org.springframework.web.servlet.mvc.method.AbstractHandlerMethodAdapter.handle(AbstractHandlerMethodAdapter.java:87)
	at org.springframework.web.servlet.DispatcherServlet.doDispatch(DispatcherServlet.java:1039)
	at org.springframework.web.servlet.DispatcherServlet.doService(DispatcherServlet.java:942)
	at org.springframework.web.servlet.FrameworkServlet.processRequest(FrameworkServlet.java:1005)
	at org.springframework.web.servlet.FrameworkServlet.doPost(FrameworkServlet.java:908)
	at javax.servlet.http.HttpServlet.service(HttpServlet.java:665)
	at org.springframework.web.servlet.FrameworkServlet.service(FrameworkServlet.java:882)
	at javax.servlet.http.HttpServlet.service(HttpServlet.java:750)
	at io.undertow.servlet.handlers.ServletHandler.handleRequest(ServletHandler.java:74)
	at io.undertow.servlet.handlers.FilterHandler$FilterChainImpl.doFilter(FilterHandler.java:129)
	at org.springframework.security.web.authentication.AbstractAuthenticationProcessingFilter.doFilter(AbstractAuthenticationProcessingFilter.java:200)
	at io.undertow.servlet.core.ManagedFilter.doFilter(ManagedFilter.java:61)
	at io.undertow.servlet.handlers.FilterHandler$FilterChainImpl.doFilter(FilterHandler.java:131)
	at org.springframework.security.web.FilterChainProxy$VirtualFilterChain.doFilter(FilterChainProxy.java:320)
	at org.springframework.security.web.access.intercept.FilterSecurityInterceptor.invoke(FilterSecurityInterceptor.java:127)
	at org.springframework.security.web.access.intercept.FilterSecurityInterceptor.doFilter(FilterSecurityInterceptor.java:91)
	at org.springframework.security.web.FilterChainProxy$VirtualFilterChain.doFilter(FilterChainProxy.java:334)
	at org.springframework.security.web.access.ExceptionTranslationFilter.doFilter(ExceptionTranslationFilter.java:119)
	at org.springframework.security.web.FilterChainProxy$VirtualFilterChain.doFilter(FilterChainProxy.java:334)
	at org.springframework.security.web.session.SessionManagementFilter.doFilter(SessionManagementFilter.java:137)
	at org.springframework.security.web.FilterChainProxy$VirtualFilterChain.doFilter(FilterChainProxy.java:334)
	at org.springframework.security.web.authentication.AnonymousAuthenticationFilter.doFilter(AnonymousAuthenticationFilter.java:111)
	at org.springframework.security.web.FilterChainProxy$VirtualFilterChain.doFilter(FilterChainProxy.java:334)
	at org.springframework.security.web.authentication.rememberme.RememberMeAuthenticationFilter.doFilter(RememberMeAuthenticationFilter.java:158)
	at org.springframework.security.web.FilterChainProxy$VirtualFilterChain.doFilter(FilterChainProxy.java:334)
	at org.springframework.security.web.servletapi.SecurityContextHolderAwareRequestFilter.doFilter(SecurityContextHolderAwareRequestFilter.java:170)
	at org.springframework.security.web.FilterChainProxy$VirtualFilterChain.doFilter(FilterChainProxy.java:334)
	at org.springframework.security.web.savedrequest.RequestCacheAwareFilter.doFilter(RequestCacheAwareFilter.java:63)
	at org.springframework.security.web.FilterChainProxy$VirtualFilterChain.doFilter(FilterChainProxy.java:334)
	at org.springframework.security.web.authentication.AbstractAuthenticationProcessingFilter.doFilter(AbstractAuthenticationProcessingFilter.java:200)
	at org.springframework.security.web.FilterChainProxy$VirtualFilterChain.doFilter(FilterChainProxy.java:334)
	at org.springframework.security.web.authentication.AbstractAuthenticationProcessingFilter.doFilter(AbstractAuthenticationProcessingFilter.java:200)
	at org.springframework.security.web.FilterChainProxy$VirtualFilterChain.doFilter(FilterChainProxy.java:334)
	at org.springframework.security.web.authentication.logout.LogoutFilter.doFilter(LogoutFilter.java:116)
	at org.springframework.security.web.FilterChainProxy$VirtualFilterChain.doFilter(FilterChainProxy.java:334)
	at org.springframework.web.filter.CorsFilter.doFilterInternal(CorsFilter.java:96)
	at org.springframework.web.filter.OncePerRequestFilter.doFilter(OncePerRequestFilter.java:109)
	at org.springframework.security.web.FilterChainProxy$VirtualFilterChain.doFilter(FilterChainProxy.java:334)
	at org.springframework.security.web.header.HeaderWriterFilter.doFilterInternal(HeaderWriterFilter.java:74)
	at org.springframework.web.filter.OncePerRequestFilter.doFilter(OncePerRequestFilter.java:109)
	at org.springframework.security.web.FilterChainProxy$VirtualFilterChain.doFilter(FilterChainProxy.java:334)
	at org.springframework.security.web.context.SecurityContextPersistenceFilter.doFilter(SecurityContextPersistenceFilter.java:105)
	at org.springframework.security.web.FilterChainProxy$VirtualFilterChain.doFilter(FilterChainProxy.java:334)
	at org.springframework.security.web.context.request.async.WebAsyncManagerIntegrationFilter.doFilterInternal(WebAsyncManagerIntegrationFilter.java:56)
	at org.springframework.web.filter.OncePerRequestFilter.doFilter(OncePerRequestFilter.java:109)
	at org.springframework.security.web.FilterChainProxy$VirtualFilterChain.doFilter(FilterChainProxy.java:334)
	at org.springframework.security.web.FilterChainProxy.doFilterInternal(FilterChainProxy.java:215)
	at org.springframework.security.web.FilterChainProxy.doFilter(FilterChainProxy.java:178)
	at org.springframework.web.filter.DelegatingFilterProxy.invokeDelegate(DelegatingFilterProxy.java:357)
	at org.springframework.web.filter.DelegatingFilterProxy.doFilter(DelegatingFilterProxy.java:270)
	at io.undertow.servlet.core.ManagedFilter.doFilter(ManagedFilter.java:61)
	at io.undertow.servlet.handlers.FilterHandler$FilterChainImpl.doFilter(FilterHandler.java:131)
	at org.springframework.web.filter.CharacterEncodingFilter.doFilterInternal(CharacterEncodingFilter.java:200)
	at org.springframework.web.filter.OncePerRequestFilter.doFilter(OncePerRequestFilter.java:109)
	at io.undertow.servlet.core.ManagedFilter.doFilter(ManagedFilter.java:61)
	at io.undertow.servlet.handlers.FilterHandler$FilterChainImpl.doFilter(FilterHandler.java:131)
	at io.undertow.servlet.handlers.FilterHandler.handleRequest(FilterHandler.java:84)
	at io.undertow.servlet.handlers.security.ServletSecurityRoleHandler.handleRequest(ServletSecurityRoleHandler.java:62)
	at io.undertow.servlet.handlers.ServletChain$1.handleRequest(ServletChain.java:68)
	at io.undertow.servlet.handlers.ServletDispatchingHandler.handleRequest(ServletDispatchingHandler.java:36)
	at io.undertow.servlet.handlers.security.SSLInformationAssociationHandler.handleRequest(SSLInformationAssociationHandler.java:132)
	at io.undertow.servlet.handlers.security.ServletAuthenticationCallHandler.handleRequest(ServletAuthenticationCallHandler.java:57)
	at io.undertow.server.handlers.PredicateHandler.handleRequest(PredicateHandler.java:43)
	at io.undertow.security.handlers.AbstractConfidentialityHandler.handleRequest(AbstractConfidentialityHandler.java:46)
	at io.undertow.servlet.handlers.security.ServletConfidentialityConstraintHandler.handleRequest(ServletConfidentialityConstraintHandler.java:64)
	at io.undertow.security.handlers.AuthenticationMechanismsHandler.handleRequest(AuthenticationMechanismsHandler.java:60)
	at io.undertow.servlet.handlers.security.CachedAuthenticatedSessionHandler.handleRequest(CachedAuthenticatedSessionHandler.java:77)
	at io.undertow.security.handlers.AbstractSecurityContextAssociationHandler.handleRequest(AbstractSecurityContextAssociationHandler.java:43)
	at io.undertow.server.handlers.PredicateHandler.handleRequest(PredicateHandler.java:43)
	at io.undertow.server.handlers.PredicateHandler.handleRequest(PredicateHandler.java:43)
	at io.undertow.servlet.handlers.SessionRestoringHandler.handleRequest(SessionRestoringHandler.java:143)
	at io.undertow.servlet.handlers.ServletInitialHandler.handleFirstRequest(ServletInitialHandler.java:292)
	at io.undertow.servlet.handlers.ServletInitialHandler.access$100(ServletInitialHandler.java:81)
	at io.undertow.servlet.handlers.ServletInitialHandler$2.call(ServletInitialHandler.java:138)
	at io.undertow.servlet.handlers.ServletInitialHandler$2.call(ServletInitialHandler.java:135)
	at io.undertow.servlet.core.ServletRequestContextThreadSetupAction$1.call(ServletRequestContextThreadSetupAction.java:48)
	at io.undertow.servlet.core.ContextClassLoaderSetupAction$1.call(ContextClassLoaderSetupAction.java:43)
	at io.undertow.servlet.handlers.ServletInitialHandler.dispatchRequest(ServletInitialHandler.java:272)
	at io.undertow.servlet.handlers.ServletInitialHandler.access$000(ServletInitialHandler.java:81)
	at io.undertow.servlet.handlers.ServletInitialHandler$1.handleRequest(ServletInitialHandler.java:104)
	at io.undertow.server.Connectors.executeRootHandler(Connectors.java:364)
	at io.undertow.server.HttpServerExchange$1.run(HttpServerExchange.java:830)
	at java.util.concurrent.ThreadPoolExecutor.runWorker(ThreadPoolExecutor.java:1149)
	at java.util.concurrent.ThreadPoolExecutor$Worker.run(ThreadPoolExecutor.java:624)
	at java.lang.Thread.run(Thread.java:750)
Caused by: org.apache.ibatis.exceptions.PersistenceException: 
### Error querying database.  Cause: org.springframework.jdbc.CannotGetJdbcConnectionException: Failed to obtain JDBC Connection; nested exception is java.sql.SQLException: Access denied for user 'rachel'@'localhost' (using password: YES)
### The error may exist in file [D:\software\codes\IDEA\SoftwareEngineering\ExamSys\Service\target\classes\mapper\UserMapper.xml]
### The error may involve com.rachel.service.repository.UserMapper.getUserByUserName
### The error occurred while executing a query
### Cause: org.springframework.jdbc.CannotGetJdbcConnectionException: Failed to obtain JDBC Connection; nested exception is java.sql.SQLException: Access denied for user 'rachel'@'localhost' (using password: YES)
	at org.apache.ibatis.exceptions.ExceptionFactory.wrapException(ExceptionFactory.java:30)
	at org.apache.ibatis.session.defaults.DefaultSqlSession.selectList(DefaultSqlSession.java:149)
	at org.apache.ibatis.session.defaults.DefaultSqlSession.selectList(DefaultSqlSession.java:140)
	at org.apache.ibatis.session.defaults.DefaultSqlSession.selectOne(DefaultSqlSession.java:76)
	at sun.reflect.NativeMethodAccessorImpl.invoke0(Native Method)
	at sun.reflect.NativeMethodAccessorImpl.invoke(NativeMethodAccessorImpl.java:62)
	at sun.reflect.DelegatingMethodAccessorImpl.invoke(DelegatingMethodAccessorImpl.java:43)
	at java.lang.reflect.Method.invoke(Method.java:498)
	at org.mybatis.spring.SqlSessionTemplate$SqlSessionInterceptor.invoke(SqlSessionTemplate.java:426)
	... 110 common frames omitted
Caused by: org.springframework.jdbc.CannotGetJdbcConnectionException: Failed to obtain JDBC Connection; nested exception is java.sql.SQLException: Access denied for user 'rachel'@'localhost' (using password: YES)
	at org.springframework.jdbc.datasource.DataSourceUtils.getConnection(DataSourceUtils.java:81)
	at org.mybatis.spring.transaction.SpringManagedTransaction.openConnection(SpringManagedTransaction.java:80)
	at org.mybatis.spring.transaction.SpringManagedTransaction.getConnection(SpringManagedTransaction.java:67)
	at org.apache.ibatis.executor.BaseExecutor.getConnection(BaseExecutor.java:336)
	at org.apache.ibatis.executor.SimpleExecutor.prepareStatement(SimpleExecutor.java:85)
	at org.apache.ibatis.executor.SimpleExecutor.doQuery(SimpleExecutor.java:62)
	at org.apache.ibatis.executor.BaseExecutor.queryFromDatabase(BaseExecutor.java:324)
	at org.apache.ibatis.executor.BaseExecutor.query(BaseExecutor.java:156)
	at org.apache.ibatis.executor.CachingExecutor.query(CachingExecutor.java:109)
	at com.github.pagehelper.PageInterceptor.intercept(PageInterceptor.java:108)
	at org.apache.ibatis.plugin.Plugin.invoke(Plugin.java:61)
	at com.sun.proxy.$Proxy102.query(Unknown Source)
	at org.apache.ibatis.session.defaults.DefaultSqlSession.selectList(DefaultSqlSession.java:147)
	... 117 common frames omitted
Caused by: java.sql.SQLException: Access denied for user 'rachel'@'localhost' (using password: YES)
	at com.mysql.cj.jdbc.exceptions.SQLError.createSQLException(SQLError.java:129)
	at com.mysql.cj.jdbc.exceptions.SQLError.createSQLException(SQLError.java:97)
	at com.mysql.cj.jdbc.exceptions.SQLExceptionsMapping.translateException(SQLExceptionsMapping.java:122)
	at com.mysql.cj.jdbc.ConnectionImpl.createNewIO(ConnectionImpl.java:827)
	at com.mysql.cj.jdbc.ConnectionImpl.<init>(ConnectionImpl.java:447)
	at com.mysql.cj.jdbc.ConnectionImpl.getInstance(ConnectionImpl.java:237)
	at com.mysql.cj.jdbc.NonRegisteringDriver.connect(NonRegisteringDriver.java:199)
	at com.zaxxer.hikari.util.DriverDataSource.getConnection(DriverDataSource.java:136)
	at com.zaxxer.hikari.pool.PoolBase.newConnection(PoolBase.java:369)
	at com.zaxxer.hikari.pool.PoolBase.newPoolEntry(PoolBase.java:198)
	at com.zaxxer.hikari.pool.HikariPool.createPoolEntry(HikariPool.java:467)
	at com.zaxxer.hikari.pool.HikariPool.checkFailFast(HikariPool.java:541)
	at com.zaxxer.hikari.pool.HikariPool.<init>(HikariPool.java:115)
	at com.zaxxer.hikari.HikariDataSource.getConnection(HikariDataSource.java:112)
	at org.springframework.jdbc.datasource.DataSourceUtils.fetchConnection(DataSourceUtils.java:157)
	at org.springframework.jdbc.datasource.DataSourceUtils.doGetConnection(DataSourceUtils.java:115)
	at org.springframework.jdbc.datasource.DataSourceUtils.getConnection(DataSourceUtils.java:78)
	... 129 common frames omitted

2023-04-02 17:55:17.634  INFO 23584 --- [Thread-14] io.undertow.servlet                      : Destroying Spring FrameworkServlet 'dispatcherServlet'
